419512.5 1.31157120067 8850.0
794887.5 0.701419251325 10100.0
279056.25 3.07256527872 7250.0
595237.5 2.86465664483 8650.0
599156.25 1.22120716775 15400.0
602662.5 1.36458005057 10500.0
681450.0 1.48763220434 13000.0
352687.5 1.09609760836 5450.0
766837.5 1.2219491954 7200.0
502631.25 1.75255106486 11050.0
676500.0 2.18877560922 10100.0
502218.75 2.47898708684 12950.0
741675.0 1.28119683968 4300.0
378675.0 4.78942583716 11950.0
320718.75 2.44100206466 12950.0
119418.75 8.76470017412 6100.0
543056.25 6.34316465229 12550.0
468393.75 2.78590726377 9050.0
719193.75 1.11647056731 9200.0
578325.0 0.983550787345 11200.0
196556.25 2.67863164227 9050.0
216562.5 1.23777844956 10950.0
175931.25 3.0117319303 7650.0
699187.5 2.48294625597 9200.0
319275.0 6.0322384796 9250.0
173250.0 3.79606744398 6550.0
227493.75 3.48329978367 7150.0
680418.75 0.907776297141 6300.0
647831.25 1.51708914539 10500.0
735075.0 0.691891639656 10100.0
191193.75 3.03919650862 6850.0
752606.25 0.997473973363 7200.0
489018.75 2.05095660765 11050.0
191193.75 10.4004751155 17650.0
278231.25 3.80627689965 8500.0
661237.5 3.62992205244 11550.0
791793.75 1.09209453699 4300.0
800043.75 0.784542767692 4300.0
81675.0 8.79697831271 3900.0
315356.25 4.19555502956 6050.0
732600.0 1.98636213426 8650.0
596268.75 1.23621782915 10100.0
535837.5 1.79270845128 17400.0
246262.5 6.40789840658 3750.0
800043.75 1.15257823857 4300.0
672168.75 1.37940586713 7200.0
469425.0 1.09601537345 11600.0
182737.5 5.46744406024 4550.0
693000.0 4.13257213932 5200.0
690525.0 1.79348411613 8650.0
684543.75 0.689499353362 12100.0
794475.0 1.01338512209 4300.0
272662.5 2.8479882665 5350.0
294112.5 2.50463145581 5350.0
745387.5 0.89217156995 7200.0
195731.25 2.96258111158 4550.0
595237.5 1.20733152445 5750.0
794887.5 0.654258517726 7200.0
648243.75 1.15657449206 8650.0
743118.75 1.43931331568 7200.0
556462.5 2.24397025823 9200.0
81675.0 6.67882648511 3450.0
671756.25 1.53746716601 10100.0
360318.75 2.59677278765 12350.0
568012.5 2.8535842988 12100.0
558318.75 1.59650945838 9200.0
563268.75 4.34089662473 11400.0
220687.5 3.28603435956 4050.0
708468.75 0.857172118726 10100.0
295762.5 10.526036277 7800.0
627000.0 5.4434539415 5200.0
133650.0 5.78974729859 3900.0
497681.25 2.09443875286 11650.0
184593.75 2.76456310997 3650.0
737550.0 1.07054230346 10100.0
444881.25 1.28110750807 11050.0
353718.75 2.83497853052 12700.0
667631.25 1.02133676078 15000.0
737756.25 1.92080579912 4300.0
794887.5 1.10597063834 7200.0
389812.5 2.11194107845 7050.0
806850.0 0.817183970333 4300.0
683306.25 1.47825305269 12100.0
443025.0 1.36188243001 10150.0
113231.25 5.78588045682 3900.0
462618.75 4.40541600348 11950.0
697950.0 1.10725116501 10100.0
517275.0 1.33131346339 6300.0
197587.5 4.44886612237 4550.0
387337.5 3.29120491616 4850.0
321956.25 2.83587476581 6350.0
802725.0 0.874897303927 4300.0
645562.5 3.49845504003 10100.0
217181.25 14.2213377158 4050.0
644943.75 1.15575528298 12100.0
178200.0 2.81457507225 3900.0
256575.0 1.89713015918 11100.0
576881.25 1.64691326746 8650.0
204600.0 5.37958529124 5850.0
551512.5 1.83912171367 12100.0
163350.0 10.3890836724 4350.0
788906.25 0.5192615755 7200.0
106631.25 11.3903388579 4550.0
630918.75 1.92676191029 10100.0
659381.25 2.04160530689 15400.0
614831.25 1.75749641012 8650.0
634218.75 2.86070108516 18500.0
759000.0 0.945390536932 7200.0
814687.5 0.961045253344 7200.0
471487.5 1.51673180173 8850.0
107662.5 4.32015853085 3900.0
132618.75 3.52414904273 4550.0
689081.25 5.19108209566 10100.0
676293.75 1.11591795159 12100.0
532743.75 1.61748398878 10650.0
268125.0 3.36076990964 11450.0
710531.25 2.71992845656 12100.0
216562.5 10.7857249125 6100.0
389400.0 2.23203036995 11050.0
274725.0 2.32080518487 5450.0
368362.5 4.72480117615 10350.0
437662.5 2.78671399076 8850.0
772818.75 0.938585281071 4300.0
639787.5 2.35906034025 11400.0
584925.0 1.96450008289 15550.0
789937.5 0.923535179128 4300.0
736106.25 1.32091126075 15000.0
462412.5 3.8254504412 8850.0
250800.0 2.83589255578 8850.0
793237.5 0.662065613816 7200.0
301537.5 4.42135569581 7050.0
615243.75 5.57509806889 12100.0
683306.25 1.25850279053 7200.0
454575.0 1.84213985723 10500.0
147468.75 11.7418722418 6350.0
526968.75 1.41094552056 11200.0
549656.25 0.935841344515 11050.0
408168.75 2.09243956427 9600.0
98381.25 3.3778786987 4350.0
154068.75 4.56457144175 4800.0
487162.5 4.61275640877 8100.0
197587.5 8.00809707246 3850.0
238631.25 6.68293956396 4700.0
569662.5 3.70750670163 7200.0
477675.0 0.925974769351 14650.0
574406.25 2.4463078527 6650.0
756525.0 0.840701187298 7200.0
690525.0 0.666051011898 7750.0
602868.75 1.73896313556 12650.0
739818.75 1.57919474532 4300.0
371662.5 2.81907623335 11950.0
631125.0 1.39146100361 10100.0
226462.5 6.00199342313 7200.0
127050.0 5.35713795736 5450.0
64968.75 20.3409641089 2100.0
649068.75 1.34628630156 7200.0
520575.0 2.99179992726 6300.0
159637.5 4.29799123409 4800.0
489637.5 2.61100131599 8850.0
311850.0 2.71402960754 6350.0
548006.25 2.61915111794 11200.0
610087.5 6.03080270843 9550.0
300093.75 7.11323137961 5950.0
230793.75 7.22361888179 6850.0
726412.5 3.37766108163 10100.0
634218.75 1.36361458238 7200.0
736931.25 0.948025255672 10100.0
64968.75 12.1666170731 1650.0
316800.0 1.47106351114 8350.0
274518.75 1.38272583273 10550.0
442612.5 1.78498689181 8850.0
410850.0 1.17649611349 8300.0
380943.75 2.01093380316 4850.0
555843.75 1.03851924464 14300.0
756318.75 1.21283439143 4300.0
745800.0 1.02595108901 10100.0
98381.25 4.8693802181 3900.0
678356.25 1.38599892655 7200.0
226256.25 5.04924889339 6250.0
513356.25 1.36386834623 9050.0
639993.75 1.11948417259 10100.0
295350.0 3.32818363664 9450.0
163968.75 5.00581710724 4300.0
732806.25 1.89677144967 10100.0
451275.0 1.08107000124 10850.0
66825.0 8.64090522312 2550.0
219862.5 7.05254859561 6850.0
498506.25 0.810749223707 11200.0
382181.25 2.39433392576 10350.0
780656.25 1.25469559112 4300.0
800868.75 0.536155240738 10100.0
689287.5 5.1380617327 5600.0
99206.25 3.18365814852 5650.0
115087.5 10.1100197162 5700.0
733425.0 2.38544090948 7750.0
231618.75 14.5870352106 9200.0
505931.25 1.34990153538 12500.0
190162.5 2.29613382267 7400.0
685987.5 0.94082516819 15000.0
444056.25 1.30691608074 14350.0
220893.75 6.76591313436 6850.0
539137.5 1.31884671788 2850.0
204187.5 3.90606951191 3900.0
486956.25 1.34011369731 8850.0
357431.25 2.32559122137 12350.0
383006.25 1.42009060747 9450.0
673612.5 1.31671759788 12100.0
274518.75 2.89322242394 6900.0
681656.25 2.11193021565 7200.0
137362.5 4.66466124117 5700.0
473343.75 1.09934865766 6300.0
705168.75 0.806630703305 13000.0
293081.25 2.7185224492 10700.0
542643.75 3.27426451322 9200.0
705375.0 1.08295892888 13000.0
214293.75 5.13599322508 3650.0
224812.5 3.49800082835 6050.0
277406.25 1.29077407953 8350.0
717750.0 1.03546937485 9200.0
202125.0 6.69834456692 5200.0
474581.25 1.3504723874 17600.0
714037.5 1.09585051279 9200.0
675468.75 1.76956520678 10100.0
625762.5 4.66150888964 5200.0
606375.0 1.96520220626 7600.0
721668.75 1.64841325677 10500.0
645768.75 1.48322071997 10500.0
179231.25 2.91625516677 7850.0
588843.75 1.21823902074 7200.0
439518.75 2.07920022974 9050.0
175312.5 5.35622092222 4750.0
595031.25 1.71281190902 11550.0
657112.5 2.00010888574 12100.0
562650.0 1.76656768474 11200.0
93637.5 3.67800313585 5450.0
807881.25 0.831704485546 4300.0
525937.5 0.891756053444 11400.0
755700.0 0.932800602565 7200.0
563475.0 7.27647497263 11400.0
664331.25 0.773503868408 10650.0
480562.5 1.58457511501 8850.0
312468.75 2.0223096741 12150.0
261525.0 3.8690893308 8950.0
103950.0 27.3436109271 3000.0
139218.75 7.80187552763 5700.0
802725.0 0.916727445453 4300.0
479118.75 0.915611171522 6150.0
126225.0 6.81207188006 2550.0
496856.25 1.58377718391 6850.0
354131.25 1.69742946624 6150.0
735693.75 0.608818311068 12100.0
283387.5 3.51363104331 9250.0
553781.25 1.20385888552 9050.0
726412.5 1.31475009328 4300.0
489843.75 1.94789910922 6150.0
674850.0 1.76987536197 14450.0
440550.0 2.12390755266 10150.0
204187.5 3.81579275351 4800.0
657318.75 2.7722946534 10100.0
362381.25 4.63642040651 10950.0
794475.0 0.776604424001 4300.0
100237.5 2.51955140966 3450.0
179437.5 2.66837758095 6100.0
229143.75 10.2661568631 8900.0
420543.75 2.59406187782 8150.0
575231.25 1.6253767359 12500.0
518718.75 3.71540273669 9950.0
225018.75 6.06577413191 5550.0
522431.25 0.744817093524 9200.0
279675.0 3.05522330771 5350.0
662475.0 1.64462779399 7200.0
161700.0 4.66412278568 6450.0
672581.25 1.80685512502 10100.0
243168.75 3.24911765658 4700.0
464475.0 1.71784568443 10850.0
656906.25 0.963497178901 7200.0
755700.0 2.90882669988 5200.0
637725.0 2.56807929233 5200.0
709500.0 1.24295148446 10100.0
117768.75 12.4455391789 7750.0
645975.0 6.244479301 7400.0
781275.0 1.03768243822 4300.0
268743.75 1.80009896772 4450.0
460968.75 1.71752806559 8850.0
518512.5 9.95443691039 5200.0
76106.25 5.63551095015 3900.0
651956.25 2.48996973029 7750.0
531506.25 2.59961880375 5750.0
353512.5 0.967678568175 5600.0
112200.0 4.87927263135 5450.0
284625.0 8.96274717009 11050.0
794887.5 0.53691629191 7200.0
313912.5 3.65002188831 12150.0
144787.5 4.12950230689 4800.0
197587.5 5.40962388621 4550.0
676087.5 2.01091561215 11550.0
556462.5 3.95778366364 15200.0
620400.0 2.9947617974 12100.0
663712.5 0.840701187298 20300.0
793237.5 1.06953985884 4300.0
748068.75 0.720087366401 9200.0
697950.0 1.08983834218 9200.0
291431.25 3.82027819084 7250.0
713006.25 2.48180735354 13000.0
517687.5 3.45662672352 9950.0
273075.0 2.65580304319 5750.0
370837.5 2.05094565171 12250.0
66825.0 6.82203634365 3450.0
279881.25 4.34151950845 4650.0
297412.5 2.83291034575 5150.0
179437.5 4.48761541753 7350.0
685162.5 1.71061428601 7200.0
227081.25 3.12074110083 2750.0
552131.25 1.37211127043 5750.0
465918.75 1.39149023603 13200.0
730537.5 2.1782985851 4300.0
606993.75 1.04634203125 10100.0
565125.0 1.09922405536 11200.0
115087.5 4.53504684557 4800.0
447356.25 2.29400963047 5750.0
635868.75 0.795781242756 14100.0
660206.25 2.30194351595 9750.0
746418.75 1.46297371249 4300.0
518925.0 3.1276711234 10650.0
249150.0 10.4252045029 7250.0
219243.75 2.7183651176 6750.0
734043.75 1.74502146198 4300.0
555225.0 1.77195238155 9200.0
159637.5 4.29594347993 3900.0
327937.5 3.66774558444 11600.0
191606.25 3.01168887897 3750.0
515625.0 1.14029941862 13950.0
643912.5 2.06623138395 8650.0
534393.75 2.44860934787 12950.0
285037.5 2.0345012036 9250.0
693825.0 3.21253510943 13000.0
788906.25 0.874138566434 4300.0
585337.5 1.01729255609 12650.0
753225.0 0.945719695233 10100.0
161493.75 6.52359732306 3900.0
696918.75 1.33084825663 13000.0
360937.5 8.0771128153 17400.0
591318.75 4.40547551904 12300.0
194906.25 3.62096511149 3900.0
218418.75 3.09943539651 4950.0
518100.0 5.26989308384 9950.0
290606.25 2.25046523273 5450.0
380531.25 1.36759577569 6150.0
661650.0 3.37796019334 5200.0
403012.5 1.31233253382 4850.0
212643.75 4.57623791651 6100.0
267506.25 3.93941861152 6000.0
127462.5 6.67129343374 5550.0
444468.75 1.30691608074 15250.0
737137.5 1.26312986564 7200.0
520781.25 2.43954326163 13550.0
682687.5 1.08903826925 10100.0
469218.75 1.90772485299 10850.0
615037.5 5.39298171708 8100.0
479531.25 5.02418319866 11400.0
234712.5 5.58289206102 4650.0
197587.5 4.41738787282 7750.0
610500.0 2.36636609972 7200.0
519750.0 1.91734888576 6750.0
734868.75 1.53489207557 7200.0
349800.0 3.07842099351 7000.0
695681.25 1.11745980338 12650.0
644118.75 3.31269383872 8100.0
595237.5 2.02120838596 12100.0
319068.75 2.46050997293 9250.0
802725.0 0.603732868827 7200.0
108487.5 2.98630465351 4550.0
247293.75 5.81883648412 11900.0
740231.25 1.36147952826 10100.0
681450.0 1.86042167006 7750.0
722287.5 1.54120344146 6300.0
789112.5 1.01176103416 4300.0
318450.0 2.11194107845 8650.0
116943.75 12.1100250008 5250.0
520781.25 1.88888864145 7600.0
206250.0 5.4591469047 7850.0
232856.25 2.1426478537 8150.0
746212.5 0.868444313085 13000.0
316387.5 3.89647857254 10950.0
293493.75 5.77314919115 10850.0
220481.25 7.62233358622 6900.0
683925.0 3.81001752945 13950.0
476850.0 2.13910194842 9400.0
708881.25 1.03520094147 15900.0
596475.0 1.3553868843 12650.0
450243.75 2.57753825238 8300.0
180056.25 5.70222945219 3000.0
111375.0 4.48854009867 5700.0
170775.0 5.54183088348 6750.0
248531.25 7.19833438791 14500.0
593175.0 1.57313714646 13400.0
570900.0 4.91230845786 13400.0
471487.5 2.62522949095 13600.0
814687.5 0.77607104618 4300.0
422606.25 1.58842175098 6850.0
573375.0 2.88910507729 7200.0
470868.75 2.90330522813 10500.0
651337.5 1.98878126235 10100.0
439106.25 4.2406077012 13050.0
447562.5 2.04988251311 8850.0
679593.75 1.46303567503 13000.0
601012.5 1.54394731963 8500.0
91781.25 12.5676790663 3650.0
385481.25 2.94640617728 8150.0
286481.25 2.85819621134 7450.0
605962.5 4.77343429468 11400.0
299268.75 13.0772243884 12100.0
148293.75 5.42479361502 7400.0
513562.5 1.01661410546 13200.0
87243.75 14.0740966086 3000.0
383212.5 1.52809762933 8150.0
706612.5 1.11827546845 10100.0
332887.5 3.54992078889 9350.0
623287.5 1.77308260262 10100.0
223575.0 1.2261387926 9400.0
558731.25 2.16634031593 5750.0
278025.0 3.35656510705 5350.0
770137.5 1.27132360921 4300.0
549450.0 1.40010300902 9200.0
735693.75 1.40373721939 10100.0
565537.5 0.877771671291 10650.0
453956.25 2.04966425811 8850.0
192018.75 2.09767691353 3650.0
