639787.5 2.34266561995 36950.0
135300.0 60.4413677083 24500.0
707643.75 1.24295148446 31700.0
653400.0 2.56807929233 16350.0
774262.5 2.90882669988 19700.0
636281.25 0.963497178901 54700.0
141075.0 29.1136015997 24600.0
341756.25 0.967678568175 16450.0
109518.75 70.0864731273 22350.0
549656.25 13.1872364813 21900.0
268125.0 1.80009896772 19150.0
443437.5 1.57126236014 37050.0
374756.25 1.36759577569 25750.0
454368.75 1.71784568443 35750.0
401156.25 1.31233253382 37550.0
241106.25 3.18840964696 26300.0
656493.75 1.36711150446 44900.0
766012.5 1.74502146198 5200.0
168918.75 11.9895736721 26400.0
551100.0 1.77195238155 32350.0
678975.0 1.91997346264 13200.0
420337.5 1.44400688211 43450.0
129937.5 37.0883747174 28200.0
792206.25 0.776604424001 13900.0
201300.0 3.52630295303 18700.0
429825.0 2.12390755266 30650.0
642262.5 1.23658209301 38750.0
273075.0 2.49833391558 23150.0
537281.25 0.744817093524 27400.0
223987.5 6.90740849498 18250.0
517275.0 3.71540273669 28650.0
589462.5 1.38473000693 40050.0
589875.0 1.04634203125 54000.0
741262.5 2.1782985851 14450.0
450450.0 1.22126104383 35050.0
538312.5 1.37211127043 22450.0
225225.0 3.12074110083 12550.0
675056.25 1.65079633754 19750.0
216150.0 2.54170420598 12400.0
241106.25 5.10142488082 25650.0
652162.5 1.76653361081 31750.0
668043.75 0.795781242756 31500.0
638137.5 1.98878126235 44900.0
780243.75 1.01176103416 16800.0
178200.0 4.380626344 20100.0
314325.0 2.11194107845 28050.0
297618.75 3.30594511935 29100.0
317212.5 21.2366341324 30900.0
276581.25 3.30019100526 22050.0
102093.75 86.4095961781 20550.0
792206.25 1.26312986564 8100.0
364650.0 3.70148196395 35900.0
211612.5 3.18229314404 11100.0
269362.5 2.65580304319 23650.0
264825.0 4.12063269473 25400.0
136331.25 46.9641807449 28150.0
552543.75 2.88165156808 45250.0
193050.0 3.41134095743 18300.0
810150.0 0.53691629191 5200.0
279675.0 6.07547450076 21650.0
520987.5 3.45662672352 27350.0
690525.0 1.02470069292 60300.0
292875.0 5.14577755937 25450.0
721875.0 1.08983834218 26250.0
780243.75 0.720087366401 13900.0
792206.25 1.06953985884 11000.0
308756.25 1.54534289881 22350.0
690525.0 0.806630703305 51600.0
453750.0 1.09934865766 37850.0
152006.25 25.1818680858 21800.0
684131.25 2.11193021565 35300.0
274931.25 2.50019032218 25100.0
201093.75 6.10232909007 17250.0
700218.75 1.03546937485 41100.0
210581.25 3.48466801828 15100.0
523668.75 1.44555888513 31350.0
703518.75 0.90989844619 36600.0
663506.25 1.31671759788 33700.0
416006.25 1.58842175098 33350.0
378675.0 1.42009060747 43050.0
559968.75 1.51073492081 37500.0
358668.75 2.32559122137 26350.0
471487.5 1.34011369731 40250.0
250387.5 6.36617067759 25250.0
201300.0 3.42335008994 19600.0
732393.75 0.868444313085 40000.0
528206.25 1.31884671788 20100.0
452718.75 1.30691608074 38150.0
724143.75 1.6429196955 26050.0
139218.75 45.5358297413 23700.0
780243.75 1.25469559112 11000.0
378056.25 2.39433392576 33450.0
213262.5 3.77262499002 12800.0
452718.75 1.30691608074 38150.0
684131.25 0.94082516819 32400.0
204600.0 14.7404164564 28250.0
505725.0 1.34990153538 39600.0
235331.25 23.428330778 23200.0
474375.0 0.915611171522 38250.0
774262.5 0.916727445453 19700.0
159225.0 27.9800016628 29650.0
109518.75 45.7808015877 14700.0
263381.25 4.05302728254 20700.0
315975.0 2.0223096741 23750.0
724143.75 1.31475009328 23700.0
552750.0 1.20385888552 45150.0
278231.25 4.55364599883 25200.0
489225.0 1.58377718391 24650.0
131793.75 18.3366325097 23250.0
214087.5 2.37594374818 17700.0
756318.75 1.27132360921 19700.0
472725.0 1.58457511501 30650.0
542643.75 1.40010300902 41550.0
667631.25 0.773503868408 20800.0
564300.0 10.3055140274 33600.0
113231.25 58.6979985639 21900.0
756318.75 0.932800602565 19700.0
285450.0 2.85819621134 31000.0
191812.5 3.83898867295 22200.0
185212.5 18.2524264761 28900.0
432712.5 2.56897987891 25550.0
249975.0 31.9227527493 39250.0
739406.25 0.936087438702 17200.0
661031.25 1.96520220626 10700.0
575437.5 0.891756053444 39700.0
804168.75 0.831704485546 8100.0
115087.5 38.0523227898 23700.0
588843.75 1.76656768474 37250.0
640406.25 1.21234389716 58500.0
595856.25 1.71281190902 41300.0
798187.5 0.77607104618 11000.0
528618.75 1.26779060126 40300.0
546768.75 1.55939683814 30800.0
431475.0 2.3053476041 27250.0
459731.25 1.44637981865 28900.0
594000.0 1.57313714646 41100.0
470662.5 1.73830378814 43400.0
264618.75 21.4605708822 36500.0
698362.5 1.09585051279 39100.0
225843.75 3.74559915541 18900.0
177993.75 16.5995530441 27200.0
280293.75 4.5826178473 25250.0
141075.0 37.3002202451 29100.0
181912.5 10.376628747 18300.0
684543.75 1.08295892888 48700.0
138806.25 43.4295493791 21800.0
510675.0 14.3131056893 24400.0
589875.0 1.3553868843 46650.0
780243.75 0.536155240738 19700.0
690525.0 1.03520094147 57400.0
679181.25 1.34787658348 41500.0
214293.75 3.59956120167 12400.0
534600.0 0.952717895138 33900.0
493968.75 0.810749223707 36300.0
667837.5 1.01680744352 42600.0
204187.5 6.34574354199 24200.0
557081.25 1.88888864145 31300.0
218625.0 6.38647750448 17200.0
289575.0 4.61845646355 26900.0
319275.0 3.89647857254 36400.0
273075.0 2.4697752202 21850.0
555018.75 2.16634031593 45150.0
190162.5 2.09767691353 18700.0
581831.25 0.877771671291 51700.0
736106.25 1.40373721939 23700.0
232237.5 8.19156869073 30350.0
478293.75 1.33198564449 33950.0
639993.75 1.77308260262 36400.0
660618.75 1.03135017676 54500.0
347737.5 1.69742946624 21150.0
326700.0 3.24751782843 21700.0
710325.0 0.608818311068 47800.0
702487.5 1.11827546845 42900.0
389812.5 1.52809762933 34450.0
680625.0 1.48322071997 18500.0
115087.5 53.7065479804 22800.0
578325.0 1.21823902074 36400.0
654637.5 1.29748897903 51600.0
504487.5 1.01661410546 36300.0
669281.25 4.66150888964 15550.0
163968.75 26.1239371397 22700.0
373725.0 1.8310556865 28850.0
660618.75 1.09452193346 57400.0
433743.75 1.56592212289 36750.0
319481.25 36.4263191195 34000.0
612356.25 2.16983655238 32500.0
194906.25 4.79300080915 19200.0
634218.75 12.249262713 25250.0
693618.75 3.37796019334 15650.0
286481.25 2.25046523273 19250.0
536868.75 9.69767641676 27200.0
380325.0 23.5926008939 31450.0
723112.5 2.48996973029 14150.0
672581.25 0.976055537649 54500.0
514593.75 1.34747273129 37550.0
792206.25 1.03768243822 11000.0
161493.75 7.66091544919 22800.0
446118.75 1.52423954234 36750.0
752193.75 0.945719695233 30400.0
586162.5 1.01729255609 42200.0
197793.75 31.8323491002 32850.0
786225.0 0.874138566434 13900.0
230381.25 16.7383907218 37000.0
667218.75 2.7722946534 21350.0
666600.0 1.11568652265 45800.0
355575.0 2.248308889 45350.0
280500.0 4.7018982991 28750.0
511912.5 1.14029941862 31750.0
340931.25 8.38064833079 38650.0
159637.5 5.29818416011 18750.0
528000.0 1.21510494833 37850.0
635868.75 1.97251874112 50900.0
129937.5 20.3647768902 23700.0
810150.0 0.603732868827 5200.0
318862.5 2.46050997293 23550.0
669487.5 1.86042167006 14650.0
722287.5 1.21774930138 36200.0
595856.25 2.02120838596 32050.0
732393.75 1.46297371249 22600.0
695062.5 4.21958898784 17650.0
511293.75 2.52059776609 16650.0
436631.25 2.29400963047 36050.0
691968.75 1.11745980338 30050.0
577087.5 1.09922405536 45500.0
378468.75 10.8939347494 24050.0
135506.25 26.6417371866 28650.0
724143.75 1.53489207557 23150.0
512943.75 1.91734888576 42950.0
602250.0 1.49218792349 47450.0
594412.5 1.186113186 40200.0
659175.0 0.840701187298 31250.0
213468.75 11.8579525247 29250.0
664331.25 1.62535823412 59400.0
325668.75 3.65002188831 31450.0
228525.0 2.90814161707 20450.0
155925.0 16.0703132027 26850.0
476643.75 7.79326355565 37600.0
549450.0 2.43954326163 37450.0
141075.0 24.2402797343 28650.0
603900.0 2.17887622715 27550.0
454368.75 1.53262869558 37750.0
674437.5 1.08903826925 47800.0
193668.75 3.10272333298 20900.0
732393.75 0.89217156995 31300.0
289781.25 2.50463145581 24900.0
726412.5 1.43931331568 37100.0
774262.5 0.654258517726 22600.0
612356.25 1.1424342345 48900.0
266681.25 2.49814294914 24300.0
694443.75 1.93757616238 29750.0
786225.0 1.01338512209 13900.0
687431.25 0.589858435437 41500.0
800043.75 0.5192615755 10100.0
810150.0 0.817183970333 5200.0
681862.5 1.79348411613 25150.0
746006.25 6.29317377831 13200.0
774262.5 0.862096056157 13900.0
180056.25 3.99841392898 19650.0
383212.5 2.11194107845 37300.0
538931.25 1.01213651906 35900.0
582450.0 1.23621782915 34400.0
481593.75 1.09601537345 26700.0
674437.5 1.37940586713 42000.0
798187.5 1.15257823857 8100.0
186243.75 4.25196090522 23350.0
495206.25 1.64499051916 39450.0
646387.5 1.02133676078 52700.0
355368.75 2.83497853052 27250.0
449212.5 1.60662624173 30550.0
590906.25 2.87245087893 51850.0
144787.5 20.2333213902 36300.0
256987.5 6.98663773428 23950.0
648037.5 5.71328890513 15850.0
810150.0 0.662065613816 5200.0
283800.0 2.78702427768 23550.0
684543.75 0.857172118726 44350.0
744356.25 0.945390536932 25500.0
217181.25 3.25062699963 9300.0
458493.75 1.51673180173 38750.0
623081.25 4.34089662473 24700.0
705581.25 0.540199445426 23600.0
648656.25 1.28041797462 44350.0
107662.5 62.5402527783 23250.0
540168.75 1.39828257775 27350.0
559968.75 1.59650945838 36950.0
556462.5 1.28532947332 30650.0
377850.0 4.78942583716 27500.0
760031.25 1.28119683968 15000.0
476025.0 2.78590726377 42750.0
140043.75 41.9653347866 25450.0
329175.0 4.15057677094 31650.0
496031.25 2.47898708684 30950.0
167887.5 13.8212199098 29050.0
229143.75 9.0085511797 32600.0
658350.0 1.58872687197 50700.0
81675.0 64.6796333748 11100.0
492318.75 1.26027905036 40550.0
780243.75 1.2219491954 13900.0
528825.0 1.33882852818 39000.0
361968.75 1.09609760836 22900.0
546562.5 0.935841344515 29250.0
680418.75 1.25850279053 42000.0
672581.25 1.16435664267 51600.0
631743.75 2.86465664483 26450.0
279881.25 3.52925640594 22450.0
774262.5 0.701419251325 18250.0
582656.25 1.36458005057 47850.0
674643.75 1.22120716775 26300.0
281943.75 3.47169230449 20100.0
249356.25 47.7420146177 47100.0
495206.25 2.05095660765 35600.0
804168.75 0.784542767692 8100.0
804168.75 1.09209453699 5200.0
179643.75 28.4606703952 26700.0
744356.25 0.997473973363 22600.0
630712.5 1.11948417259 40000.0
202537.5 5.0498320676 23150.0
298031.25 2.41261420649 28050.0
732393.75 0.691891639656 19700.0
770137.5 1.51708914539 8100.0
298856.25 9.31398541977 24900.0
697950.0 0.907776297141 14100.0
224812.5 4.30091775438 19150.0
226462.5 3.46966783071 26400.0
530475.0 1.2361444393 13200.0
181912.5 9.54151406047 21900.0
201712.5 5.69662257302 25200.0
187068.75 12.5200133327 29150.0
317418.75 4.5372425233 32100.0
720637.5 2.48294625597 22100.0
616481.25 1.06140422945 46900.0
373312.5 2.26639607046 28450.0
752193.75 1.57919474532 22600.0
593175.0 1.09903273054 51750.0
690525.0 0.666051011898 18350.0
502631.25 1.31050502087 31750.0
638550.0 1.34628630156 36200.0
142931.25 25.6475047598 30000.0
539550.0 4.94475745862 28800.0
770137.5 0.840701187298 15900.0
564712.5 2.4463078527 41150.0
476231.25 0.925974769351 38150.0
551718.75 1.58821383962 42950.0
411468.75 1.31157120067 30550.0
403012.5 2.09243956427 33850.0
161287.5 30.5892793189 33500.0
462618.75 4.61772361558 44350.0
235125.0 4.47841898962 16200.0
197587.5 8.59051824182 20500.0
488606.25 7.10683617596 29200.0
168712.5 14.9083006865 14600.0
122512.5 35.4812671598 25950.0
506962.5 1.36386834623 41050.0
223368.75 5.04924889339 12300.0
687018.75 1.38599892655 28100.0
122512.5 41.6201585955 23250.0
732393.75 1.02595108901 37100.0
92812.5 75.557758616 16050.0
432506.25 0.880815875979 37350.0
708468.75 1.04481828531 48700.0
764156.25 1.21283439143 16800.0
307106.25 2.47068540922 25050.0
559762.5 1.03851924464 39050.0
650100.0 1.7154967868 41100.0
372075.0 2.01093380316 18650.0
415387.5 1.17649611349 36450.0
250593.75 19.0655770396 33150.0
433743.75 1.78498689181 34750.0
736106.25 1.11647056731 20800.0
295968.75 2.1840418912 31450.0
655050.0 6.03080270843 23400.0
309993.75 2.65550460857 25750.0
474993.75 1.58382586957 33750.0
336806.25 1.47106351114 34150.0
81675.0 62.5958255258 10650.0
722287.5 0.814382491026 42000.0
632156.25 1.36361458238 46000.0
718368.75 1.00014504653 17000.0
548212.5 1.83912171367 34300.0
200475.0 4.07241052482 16500.0
566362.5 1.51888495995 30050.0
257400.0 1.89713015918 40000.0
199237.5 13.5892766895 27450.0
600600.0 1.75749641012 50150.0
126225.0 44.2853969439 30900.0
163350.0 15.1549573924 21000.0
102093.75 51.7351400361 18300.0
638550.0 1.15575528298 44900.0
640406.25 1.15657449206 49800.0
215531.25 10.8519237714 22000.0
584306.25 1.20733152445 34850.0
624731.25 1.26126296478 42900.0
804168.75 0.874897303927 5200.0
239662.5 4.42833099342 17400.0
315150.0 2.83587476581 25050.0
724143.75 1.69679929 30400.0
376612.5 1.88124910043 35450.0
576262.5 0.983550787345 47550.0
435187.5 1.36188243001 37050.0
689287.5 1.47825305269 21200.0
748068.75 1.92080579912 15900.0
194906.25 3.52622729114 18300.0
505725.0 1.33131346339 24650.0
702075.0 1.10725116501 23700.0
460350.0 1.7713823594 37050.0
129937.5 29.9191057502 27750.0
774262.5 0.923535179128 19700.0
572550.0 1.20109937725 50250.0
684543.75 2.35906034025 28100.0
780243.75 0.938585281071 8100.0
426937.5 1.90743978799 38050.0
299062.5 4.43655408915 23750.0
450243.75 1.88685328798 33750.0
716306.25 0.993941067221 42000.0
732393.75 1.07054230346 37100.0
357018.75 2.0105934661 32650.0
266681.25 2.00195696331 23650.0
392081.25 2.23203036995 36450.0
215943.75 8.84419221453 15000.0
364443.75 3.30955780441 33550.0
148500.0 16.7950600609 27750.0
124368.75 30.6681966845 26850.0
798187.5 0.961045253344 8100.0
687431.25 1.14622662115 39500.0
279262.5 7.83704581926 28900.0
524287.5 1.61748398878 35550.0
674025.0 0.966328406859 36400.0
668043.75 2.02009524863 51250.0
