66825.0 18.7412645552 3450.0
209756.25 3.59956120167 11100.0
705787.5 0.814382491026 28400.0
614831.25 1.36361458238 40200.0
477468.75 0.810749223707 32850.0
711975.0 1.00014504653 14100.0
323193.75 1.47106351114 24850.0
759618.75 0.536155240738 19700.0
660000.0 1.34787658348 34600.0
100031.25 10.8245173922 11500.0
634425.0 6.03080270843 16300.0
300506.25 2.65550460857 21300.0
463650.0 1.58382586957 29750.0
422400.0 1.78498689181 34750.0
281943.75 1.38272583273 17550.0
401156.25 1.17649611349 25850.0
360731.25 2.01093380316 15350.0
734868.75 1.21283439143 16800.0
555637.5 1.03851924464 34050.0
72393.75 19.7336099649 6150.0
426525.0 0.880815875979 30750.0
685162.5 1.04481828531 48700.0
661237.5 1.08295892888 53050.0
221512.5 2.70917522845 10050.0
270806.25 1.36621511613 20350.0
715068.75 1.02595108901 37100.0
497681.25 1.36386834623 30250.0
218006.25 5.04924889339 9700.0
471693.75 1.20712178023 40000.0
682893.75 1.09585051279 29500.0
666806.25 1.38599892655 15000.0
98381.25 8.33856478476 14700.0
639168.75 1.29748897903 45800.0
230793.75 4.47841898962 7800.0
193050.0 5.53630254992 10650.0
485925.0 4.61275640877 18100.0
157575.0 8.53269591653 17750.0
655050.0 4.66150888964 8100.0
661856.25 1.48322071997 14300.0
561412.5 1.21823902074 21150.0
98381.25 3.50765093053 15150.0
144787.5 8.71840366175 12900.0
445087.5 1.84213985723 27750.0
391050.0 2.09243956427 26950.0
462412.5 0.925974769351 21850.0
541200.0 1.58821383962 17350.0
748687.5 0.840701187298 17900.0
558731.25 2.4463078527 33850.0
128081.25 7.73137561679 14250.0
488400.0 1.31050502087 13750.0
621225.0 1.34628630156 31300.0
595443.75 1.06140422945 34200.0
338868.75 1.69742946624 9950.0
689700.0 0.608818311068 50700.0
362381.25 2.26639607046 25250.0
463650.0 1.33198564449 27750.0
722906.25 1.57919474532 25500.0
584925.0 1.09903273054 43650.0
643293.75 1.03135017676 54500.0
681243.75 0.666051011898 12250.0
666806.25 1.14622662115 36200.0
658556.25 2.7722946534 20800.0
265443.75 3.36076990964 21250.0
512325.0 1.61748398878 19550.0
347737.5 2.248308889 21750.0
650718.75 0.966328406859 36400.0
646181.25 2.02009524863 44900.0
176962.5 2.94577538569 15850.0
226462.5 7.80261856248 19150.0
780862.5 0.961045253344 5200.0
131793.75 3.52414904273 10650.0
103950.0 3.28515838019 16500.0
383831.25 2.23203036995 23750.0
212437.5 7.00676762388 9700.0
347118.75 2.0105934661 12650.0
262350.0 2.00195696331 15750.0
443025.0 1.88685328798 31750.0
697125.0 0.993941067221 37100.0
288131.25 2.72185768799 16850.0
768900.0 1.03768243822 9550.0
438900.0 1.52423954234 33750.0
750956.25 0.923535179128 19700.0
709500.0 2.48996973029 10300.0
562856.25 1.20109937725 35850.0
662475.0 2.35906034025 23000.0
762918.75 0.938585281071 5200.0
414150.0 1.90743978799 31750.0
506343.75 1.34747273129 20450.0
109518.75 3.84600923964 14700.0
191193.75 3.52622729114 18300.0
488400.0 1.33131346339 19750.0
318243.75 3.65002188831 20450.0
142931.25 4.12950230689 16500.0
676912.5 1.10725116501 26600.0
443025.0 1.43707437239 31350.0
641025.0 1.62535823412 51600.0
583068.75 1.49218792349 37650.0
649481.25 0.840701187298 26650.0
422400.0 1.36188243001 34750.0
666393.75 1.47825305269 19900.0
722906.25 1.92080579912 13900.0
370218.75 1.88124910043 13750.0
786843.75 0.874897303927 5200.0
308756.25 2.83587476581 17050.0
206456.25 8.19714842451 14000.0
609262.5 1.26126296478 42900.0
621225.0 1.15575528298 49250.0
594618.75 1.75749641012 31050.0
105806.25 11.4359501531 15150.0
161493.75 9.66454208833 10650.0
558731.25 1.09922405536 30600.0
115087.5 6.49339059042 18750.0
432093.75 2.29400963047 35750.0
196762.5 3.48848469482 13800.0
716925.0 1.46297371249 19700.0
549450.0 1.51888495995 15350.0
254100.0 1.89713015918 21150.0
498093.75 2.52059776609 9750.0
179850.0 4.56178223739 16850.0
529856.25 1.83912171367 22650.0
546768.75 1.59650945838 32050.0
545118.75 1.28532947332 31550.0
744562.5 1.74502146198 7200.0
539962.5 1.77195238155 20450.0
442200.0 1.30691608074 28350.0
81675.0 9.14423536697 10200.0
527381.25 1.39828257775 8650.0
627206.25 1.28041797462 48700.0
673200.0 0.857172118726 34200.0
213468.75 3.25062699963 9300.0
600600.0 4.34089662473 20100.0
131793.75 5.17571664451 9750.0
643500.0 5.4434539415 12050.0
278850.0 2.78702427768 17550.0
437456.25 1.28110750807 23100.0
631331.25 1.02133676078 42900.0
350831.25 2.83497853052 26050.0
681037.5 0.90989844619 33300.0
365475.0 1.36759577569 18150.0
388162.5 1.31233253382 22350.0
176343.75 2.76456310997 14250.0
482006.25 1.64499051916 27950.0
652987.5 1.37940586713 39100.0
774881.25 1.15257823857 8100.0
457875.0 1.09601537345 21250.0
207900.0 3.18229314404 12000.0
261731.25 3.52319624748 15900.0
770756.25 1.26312986564 8100.0
184387.5 3.01168887897 16350.0
524287.5 1.01213651906 31150.0
567393.75 1.23621782915 24050.0
712593.75 4.13257213932 13750.0
176343.75 3.99841392898 16500.0
670518.75 1.79348411613 25150.0
663506.25 0.589858435437 34400.0
259668.75 2.49814294914 16400.0
762918.75 1.01338512209 11000.0
704962.5 1.43931331568 34200.0
753637.5 0.654258517726 19700.0
246056.25 1.28031076492 23550.0
209756.25 2.37594374818 12000.0
756937.5 1.01176103416 13900.0
307106.25 2.11194107845 21650.0
285243.75 2.50463145581 21650.0
189131.25 2.46339994281 11050.0
715068.75 0.89217156995 28400.0
696712.5 2.48294625597 21700.0
172631.25 3.7839663395 12000.0
309168.75 4.5372425233 19000.0
649687.5 1.54394731963 12300.0
229968.75 1.52909762933 15150.0
715068.75 0.868444313085 37100.0
168918.75 3.0117319303 14700.0
192843.75 2.09962892815 13700.0
218625.0 2.44541312751 14100.0
746831.25 1.51708914539 11000.0
672787.5 0.907776297141 11200.0
191606.25 3.03919650862 19650.0
707643.75 0.691891639656 27500.0
721050.0 0.997473973363 19700.0
783543.75 0.784542767692 8100.0
780862.5 1.09209453699 5200.0
411468.75 1.58842175098 27050.0
539343.75 1.51073492081 14450.0
434775.0 1.57126236014 31750.0
203362.5 12.1927116513 27950.0
480150.0 2.05095660765 37650.0
277200.0 3.22612032757 15600.0
568012.5 1.36458005057 36600.0
651750.0 1.22120716775 17200.0
116943.75 10.8210913961 13800.0
90956.25 13.6431607284 9300.0
279468.75 2.85819621134 14500.0
759618.75 0.701419251325 16800.0
623493.75 2.86465664483 16850.0
271837.5 2.08643256776 17550.0
756937.5 1.2219491954 11000.0
344643.75 1.09609760836 20150.0
649275.0 1.16435664267 54500.0
492731.25 2.47898708684 18850.0
636900.0 1.58872687197 47800.0
481593.75 1.26027905036 29450.0
122512.5 11.6809824414 11100.0
317831.25 1.13114845677 23000.0
462412.5 2.78590726377 28750.0
734868.75 1.27132360921 22600.0
526556.25 1.40010300902 20100.0
618131.25 1.98878126235 42000.0
372693.75 4.78942583716 18850.0
734868.75 1.28119683968 11000.0
299268.75 10.656009902 20550.0
593175.0 1.23236213641 25200.0
401981.25 1.31157120067 26650.0
560587.5 0.983550787345 29700.0
643293.75 1.09452193346 57400.0
426525.0 1.56592212289 33750.0
366093.75 1.8310556865 13050.0
374550.0 1.52809762933 20650.0
94668.75 26.0134093113 12900.0
485718.75 1.01661410546 32650.0
146437.5 5.42479361502 20000.0
223162.5 1.2261387926 19150.0
622668.75 1.77308260262 28600.0
324431.25 3.24751782843 23000.0
679181.25 1.11827546845 45800.0
718781.25 1.40373721939 18800.0
185625.0 2.09767691353 13800.0
560175.0 0.877771671291 37500.0
536043.75 2.17728273482 29900.0
85387.5 16.3014245783 9300.0
267712.5 2.4697752202 18350.0
541200.0 2.16634031593 17350.0
284418.75 4.24492536156 18850.0
315975.0 3.89647857254 29500.0
215118.75 5.54679022618 10550.0
716925.0 1.11647056731 18800.0
218625.0 1.23777844956 20700.0
202743.75 4.8682750167 13700.0
536250.0 1.88888864145 19600.0
578943.75 1.3553868843 35750.0
667218.75 1.03520094147 58850.0
505725.0 4.37586842586 15300.0
520368.75 0.952717895138 20100.0
672787.5 1.01680744352 35300.0
572962.5 1.57313714646 33850.0
240487.5 6.30517616687 21200.0
174487.5 4.95007575959 11100.0
166031.25 4.66354685245 15550.0
113231.25 5.06082595521 12000.0
421575.0 2.3053476041 25300.0
440137.5 1.44637981865 21250.0
630918.75 1.7154967868 31850.0
304218.75 2.47068540922 15350.0
525731.25 1.55939683814 28450.0
777562.5 0.77607104618 8100.0
505106.25 1.26779060126 37200.0
655256.25 1.08903826925 40000.0
591112.5 2.17887622715 27150.0
443025.0 1.53262869558 33750.0
700837.5 1.69679929 22600.0
233475.0 2.98630037599 11650.0
534600.0 2.43954326163 23200.0
122512.5 4.08171430999 13350.0
194287.5 4.41738787282 15250.0
505106.25 1.91734888576 28550.0
577087.5 1.186113186 35300.0
222337.5 2.90814161707 11150.0
471075.0 5.02418319866 29800.0
578943.75 2.02120838596 17350.0
688256.25 3.31269383872 13200.0
366712.5 3.5062491229 17200.0
702693.75 1.53489207557 21700.0
678356.25 1.11745980338 33050.0
662268.75 1.86042167006 16650.0
698981.25 1.21774930138 34200.0
575231.25 1.20733152445 26050.0
625350.0 1.15657449206 42900.0
789525.0 0.603732868827 5200.0
309375.0 2.46050997293 18050.0
111375.0 2.98630465351 15150.0
522431.25 1.21510494833 28250.0
618956.25 1.97251874112 37650.0
351656.25 1.78682259628 22550.0
155925.0 4.29594347993 10650.0
502837.5 1.14029941862 24850.0
309168.75 1.38070086668 18750.0
566981.25 1.01729255609 37850.0
762918.75 0.874138566434 13900.0
649275.0 1.11568652265 40000.0
270187.5 2.0345012036 21200.0
362793.75 8.0771128153 23550.0
655256.25 0.976055537649 54500.0
155925.0 5.18205515908 16950.0
727031.25 0.945719695233 22600.0
281118.75 2.25046523273 18350.0
532537.5 5.26989308384 20100.0
684956.25 3.37796019334 12550.0
721050.0 1.07054230346 28400.0
189337.5 3.44753162732 14700.0
618131.25 9.7717609769 17600.0
661237.5 1.02470069292 58850.0
280087.5 3.82027819084 19850.0
706818.75 1.08983834218 19350.0
504075.0 3.45662672352 17550.0
756937.5 0.862096056157 16800.0
761475.0 0.720087366401 13000.0
768900.0 1.06953985884 8100.0
379293.75 2.11194107845 25550.0
783543.75 0.817183970333 5200.0
542437.5 2.88165156808 28450.0
189337.5 3.41134095743 18300.0
789525.0 0.53691629191 5200.0
264412.5 2.53885313339 18550.0
358256.25 2.05094565171 22850.0
263175.0 2.65580304319 17700.0
74250.0 23.0904103356 7050.0
266887.5 3.12371956792 18350.0
172631.25 3.61563214021 15150.0
291225.0 2.83291034575 18000.0
211612.5 2.54170420598 11100.0
236568.75 3.94570511487 18550.0
642056.25 1.76653361081 26600.0
641025.0 0.795781242756 24600.0
777562.5 0.5192615755 8100.0
577500.0 1.04634203125 25500.0
595443.75 1.1424342345 35650.0
681656.25 0.931062144953 22650.0
729918.75 2.1782985851 16350.0
664537.5 1.65079633754 12550.0
439931.25 1.22126104383 29850.0
525112.5 1.37211127043 15550.0
218006.25 3.12074110083 9700.0
267712.5 2.49833391558 19650.0
514800.0 0.744817093524 19600.0
211200.0 2.90802096222 14500.0
635043.75 1.23658209301 35650.0
680006.25 0.540199445426 20500.0
727031.25 0.945390536932 22600.0
505931.25 3.71540273669 19850.0
572137.5 1.38473000693 34600.0
443025.0 1.51673180173 38750.0
105806.25 4.52869212291 15600.0
771581.25 0.776604424001 13900.0
411675.0 1.44400688211 29650.0
198618.75 3.52630295303 15600.0
423843.75 2.12390755266 22750.0
639168.75 1.36711150446 38550.0
154068.75 3.63615551064 15600.0
447150.0 1.71784568443 37750.0
236156.25 3.18840964696 11300.0
111375.0 4.87927263135 14250.0
331856.25 0.967678568175 13850.0
260493.75 1.80009896772 13400.0
87243.75 22.0752939717 10650.0
541818.75 9.95443691039 14250.0
623906.25 2.34266561995 33650.0
244406.25 2.83589255578 15750.0
789525.0 0.662065613816 5200.0
119625.0 24.1408297781 14200.0
575437.5 2.06905833921 36050.0
619368.75 0.963497178901 40000.0
688875.0 1.24295148446 23150.0
644325.0 2.56807929233 12100.0
750956.25 2.90882669988 19700.0
658968.75 1.25850279053 33300.0
577912.5 1.76656768474 30650.0
548418.75 0.891756053444 29900.0
786843.75 0.831704485546 5200.0
92812.5 6.29872617283 11550.0
617100.0 1.21234389716 46350.0
514593.75 1.33882852818 20450.0
534600.0 0.935841344515 24550.0
572550.0 1.71281190902 37850.0
177168.75 2.38430600259 19250.0
175931.25 5.35622092222 18600.0
422400.0 2.07920022974 29050.0
718781.25 0.936087438702 17900.0
632362.5 1.96520220626 12700.0
560175.0 7.27647497263 29400.0
733012.5 0.932800602565 22600.0
459525.0 1.58457511501 20750.0
651131.25 0.773503868408 13450.0
704962.5 1.31475009328 12450.0
541818.75 1.20385888552 30350.0
476025.0 1.58377718391 25750.0
124368.75 6.38730650651 15150.0
269156.25 1.87692246463 24050.0
221512.5 2.56370697936 16600.0
469218.75 0.915611171522 20050.0
756937.5 0.916727445453 16800.0
66825.0 25.0581065671 3900.0
105806.25 29.4507139261 6600.0
257400.0 3.83849943607 15150.0
303187.5 2.0223096741 18550.0
139012.5 9.02053292545 14600.0
154068.75 4.29799123409 15150.0
190575.0 4.51220641374 16300.0
209550.0 3.77262499002 11900.0
442200.0 1.30691608074 28350.0
662681.25 0.94082516819 33500.0
515006.25 1.2361444393 14650.0
493350.0 1.34990153538 27950.0
292875.0 7.11323137961 13700.0
218625.0 4.30091775438 11400.0
225637.5 6.53425693478 13850.0
706818.75 1.6429196955 25500.0
115087.5 9.96559995085 14250.0
756937.5 1.25469559112 11000.0
366506.25 2.39433392576 19950.0
513150.0 1.31884671788 9750.0
467775.0 1.34011369731 27750.0
196762.5 3.42335008994 16050.0
369393.75 1.42009060747 25550.0
351450.0 2.32559122137 19050.0
648862.5 1.31671759788 29500.0
196556.25 4.80138791836 14150.0
673200.0 1.03546937485 34200.0
206043.75 3.48466801828 12000.0
510881.25 1.44555888513 14650.0
607406.25 1.11948417259 40000.0
296793.75 1.54534289881 22050.0
669900.0 0.806630703305 54500.0
290400.0 2.41261420649 18250.0
169537.5 16.9532987527 15100.0
139218.75 5.88077496953 12900.0
664950.0 2.11193021565 28400.0
271425.0 2.39465027324 20300.0
446325.0 1.09934865766 26500.0
