580181.25 7.32237364346 4300.0
133650.0 44.4378763529 3000.0
674437.5 1.24295148446 7200.0
575437.5 12.7181730892 5200.0
776737.5 2.90882669988 4300.0
652368.75 3.46232032753 7200.0
148500.0 47.3994993589 750.0
357431.25 13.4948694738 6650.0
70537.5 6.47973931597 1650.0
485925.0 37.5036812756 5200.0
261525.0 4.21382965037 2850.0
428381.25 4.7258993806 2850.0
365681.25 9.66796730372 4300.0
417450.0 1.71784568443 2850.0
388987.5 12.5403380696 5600.0
226668.75 3.18840964696 1850.0
603075.0 1.36711150446 4300.0
651337.5 1.74502146198 4300.0
152212.5 3.63615551064 1200.0
514593.75 8.61582499587 5600.0
555018.75 6.41032992333 4300.0
418481.25 13.8139040202 5750.0
113025.0 16.4246587431 2750.0
820668.75 0.776604424001 4300.0
190162.5 3.52630295303 1850.0
394968.75 2.12390755266 2850.0
610087.5 5.59170052987 4300.0
276168.75 10.7729029057 2850.0
593175.0 22.7951988315 13200.0
253481.25 31.3065462533 1850.0
453543.75 3.71540273669 3750.0
538518.75 7.88511586814 4300.0
579768.75 2.963979712 5750.0
696300.0 2.1782985851 4300.0
462206.25 12.5338987596 5750.0
450862.5 1.37211127043 2850.0
229762.5 12.811029157 1850.0
610500.0 11.0749900528 4300.0
231618.75 17.433397683 1850.0
232031.25 5.23809459875 1850.0
587400.0 1.76653361081 4300.0
618750.0 0.795781242756 4300.0
571106.25 1.98878126235 4300.0
805200.0 1.01176103416 4300.0
167062.5 3.61563214021 1200.0
294937.5 5.81446501244 4150.0
323400.0 32.6198236412 5850.0
310406.25 54.7489018719 7050.0
289987.5 27.3577097567 2850.0
100237.5 82.2013367163 2550.0
666806.25 1.26312986564 4300.0
344231.25 2.05094565171 4150.0
229762.5 23.250979313 1850.0
267506.25 10.8099213407 2850.0
266062.5 12.2874582289 2850.0
116943.75 29.5676971135 2100.0
519956.25 12.5556173808 5750.0
181912.5 3.41134095743 1200.0
818812.5 0.53691629191 7200.0
289368.75 36.0833405614 3850.0
471281.25 3.45662672352 4300.0
651543.75 1.02470069292 7200.0
310612.5 29.8816550787 2850.0
619368.75 1.08983834218 4300.0
802725.0 0.720087366401 7200.0
679800.0 1.06953985884 4300.0
317625.0 15.8335053741 2850.0
710325.0 1.53609185109 7200.0
506137.5 22.5438706281 5750.0
150356.25 24.2023699891 1650.0
625143.75 7.51170135466 4300.0
291225.0 20.3393881896 4850.0
208725.0 16.9003579596 2500.0
687431.25 1.03546937485 7200.0
227906.25 23.5277161453 1850.0
488606.25 1.44555888513 6300.0
706200.0 1.93662808578 7200.0
660825.0 13.3707125357 4300.0
413531.25 11.5313097741 2850.0
395381.25 16.4082581801 4850.0
466537.5 1.51073492081 4300.0
402806.25 44.3194237669 11550.0
428381.25 1.34011369731 2850.0
251212.5 16.9189556927 4300.0
189337.5 3.42335008994 1200.0
740231.25 0.868444313085 7200.0
486337.5 1.31884671788 4300.0
494175.0 27.2476587208 4300.0
615862.5 1.6429196955 4300.0
124368.75 40.8388047349 1650.0
667837.5 1.25469559112 4300.0
363000.0 6.84224206717 2850.0
240900.0 26.2749634146 1850.0
494175.0 27.2476587208 4300.0
742087.5 11.6848797006 7200.0
203981.25 23.6546473539 3400.0
524287.5 28.24980529 8650.0
222750.0 33.1766883134 3750.0
488812.5 1.17050885084 9750.0
807881.25 1.74401321996 4300.0
144787.5 15.7294735591 2550.0
100237.5 41.1919777016 2100.0
288131.25 45.2955060279 3850.0
281531.25 2.0223096741 1850.0
632362.5 1.31475009328 4300.0
574612.5 22.998785969 4300.0
271631.25 7.33564852363 1850.0
432506.25 1.58377718391 2850.0
131793.75 24.7620512347 3000.0
229762.5 18.3925382135 1850.0
626381.25 1.27132360921 4300.0
423018.75 1.58457511501 2850.0
480562.5 1.40010300902 4300.0
772818.75 24.5491268532 7200.0
552131.25 29.5985016275 5750.0
87243.75 12.7550837435 1650.0
807881.25 8.55959663339 4300.0
300506.25 27.7596366919 4850.0
160462.5 3.01168887897 1850.0
182325.0 39.3392423527 3400.0
432506.25 20.0826621134 2850.0
236362.5 46.6506469995 5050.0
706200.0 0.936087438702 7200.0
554606.25 14.2072175114 4300.0
634425.0 15.2473321023 10100.0
817987.5 0.831704485546 4300.0
120656.25 56.8765376299 1650.0
632775.0 22.1275238336 7200.0
585131.25 1.21234389716 4300.0
526143.75 1.71281190902 4300.0
820668.75 0.77607104618 4300.0
529237.5 25.4946331052 8650.0
520368.75 7.66075473496 4300.0
409200.0 7.649014597 2850.0
496443.75 29.707810094 5750.0
526143.75 1.57313714646 4300.0
479325.0 19.7612183453 7750.0
299062.5 42.1830082705 8350.0
610912.5 1.09585051279 7200.0
239043.75 17.6264979077 1850.0
203981.25 40.8482684325 2500.0
297000.0 31.3800547832 5850.0
133650.0 32.4135308727 2100.0
160462.5 7.11784242995 2750.0
657731.25 1.08295892888 4300.0
137156.25 65.2652079354 3650.0
417037.5 29.9409043876 4300.0
562031.25 8.37585217803 4300.0
830775.0 5.24162112126 4300.0
657525.0 1.03520094147 7200.0
612356.25 1.34787658348 4300.0
229762.5 20.879622652 1850.0
476437.5 0.952717895138 5600.0
540787.5 18.3346985961 7750.0
703518.75 5.78974462859 10100.0
198618.75 7.67115875097 1200.0
593587.5 9.56486749307 9200.0
230587.5 23.1826560482 1850.0
325462.5 35.4991730622 3850.0
315356.25 25.3333643776 4750.0
264000.0 5.81613797023 2850.0
496856.25 2.16634031593 4300.0
176343.75 2.09767691353 1200.0
561000.0 0.877771671291 6300.0
640200.0 1.40373721939 4300.0
241931.25 12.1599239605 1850.0
424256.25 1.33198564449 2850.0
600806.25 10.3213904014 4300.0
669487.5 1.03135017676 7200.0
352687.5 11.0010834207 2850.0
329175.0 21.9643389565 2850.0
826650.0 20.0395372386 4300.0
631950.0 1.11827546845 4300.0
384656.25 15.1512035876 2850.0
611325.0 4.13426536787 4300.0
111375.0 64.8437623463 1650.0
540993.75 1.21823902074 4300.0
615862.5 5.27583180012 4300.0
542231.25 11.063889848 9200.0
556462.5 4.66150888964 4300.0
168918.75 39.4309098205 3900.0
358462.5 2.8794246109 4150.0
619575.0 1.79830467714 4300.0
409200.0 3.44458560124 2850.0
302775.0 57.0931207049 7950.0
511293.75 1.23236213641 4300.0
183562.5 3.44753162732 1850.0
606993.75 33.1337025067 15900.0
652781.25 7.37487022308 4300.0
323400.0 30.8353796885 2850.0
515212.5 47.9393674984 6650.0
378881.25 56.2227827551 6650.0
636693.75 8.47643320964 6300.0
676293.75 1.64637998884 7200.0
487781.25 5.34951118111 4300.0
789112.5 1.03768243822 4300.0
133650.0 5.78427200514 2100.0
420131.25 1.52423954234 2850.0
736106.25 2.67259095308 7200.0
607818.75 3.77081440538 10100.0
130556.25 4.59252070155 2750.0
813862.5 2.33534302215 4300.0
238631.25 36.5494403764 5750.0
744768.75 13.3392176366 4300.0
619575.0 1.11568652265 4300.0
353306.25 22.9977273789 4850.0
252450.0 2.0345012036 2750.0
531918.75 17.0393247845 4300.0
288750.0 1.38070086668 2850.0
148500.0 4.29594347993 750.0
480150.0 1.21510494833 4850.0
613593.75 12.333789317 4300.0
129937.5 31.0170091348 2100.0
826650.0 0.603732868827 4300.0
327937.5 17.6709392021 2850.0
786843.75 24.1777887654 4300.0
636693.75 1.21774930138 4300.0
547387.5 5.55364365052 4300.0
641643.75 1.46297371249 5200.0
628031.25 11.4356370312 7200.0
463856.25 2.52059776609 4300.0
418893.75 6.90583676486 2850.0
752193.75 10.0417448456 4300.0
545325.0 5.56803820563 4300.0
355368.75 38.752489614 5750.0
129937.5 22.8042964419 2100.0
587812.5 1.53489207557 8300.0
512118.75 15.2106053172 4300.0
532743.75 1.49218792349 4300.0
545118.75 1.186113186 4300.0
740231.25 22.2407844656 13000.0
220275.0 23.1161900855 1850.0
603900.0 1.62535823412 4300.0
310200.0 14.0238065512 3150.0
220275.0 2.90814161707 1850.0
135506.25 4.12950230689 2100.0
492112.5 30.7939983911 7050.0
482212.5 2.43954326163 4300.0
111375.0 4.8466961204 2100.0
562031.25 6.36494228452 4300.0
417450.0 1.53262869558 2850.0
636075.0 1.08903826925 7200.0
195731.25 8.94781093629 1850.0
760031.25 4.24291983394 7200.0
325875.0 33.4781653917 2850.0
663712.5 1.43931331568 7200.0
826650.0 5.73617109797 4300.0
563062.5 1.1424342345 4300.0
266268.75 10.3064858978 2850.0
795918.75 27.0985878557 10100.0
775293.75 1.01338512209 7200.0
688875.0 5.27133635773 13400.0
818812.5 0.5192615755 7200.0
817987.5 0.817183970333 4300.0
616275.0 15.2951884271 5750.0
658556.25 4.13257213932 4300.0
817987.5 2.78847637184 4300.0
166856.25 3.99841392898 1850.0
410231.25 24.7440122805 5750.0
589875.0 14.6904271703 5750.0
551100.0 1.23621782915 4300.0
506962.5 12.614506123 4300.0
633806.25 4.67602476544 4300.0
790556.25 1.15257823857 4300.0
170775.0 2.76456310997 1200.0
499125.0 30.8193099197 5750.0
667631.25 7.0727071925 7200.0
376818.75 23.8877489352 5750.0
478087.5 30.8720553964 4300.0
528000.0 2.06905833921 4300.0
124368.75 5.78312068208 1650.0
282150.0 37.3332933814 4450.0
598743.75 13.1263962144 4300.0
826650.0 0.662065613816 4300.0
288131.25 17.5641577435 2850.0
698362.5 3.13346048415 7200.0
807881.25 8.78332980116 4300.0
232443.75 19.8956656863 1850.0
421575.0 1.51673180173 2850.0
553781.25 4.34089662473 10100.0
760443.75 14.793351469 9200.0
591112.5 1.28041797462 4300.0
87243.75 33.1794596359 2100.0
449418.75 1.39828257775 4850.0
490462.5 1.59650945838 4300.0
565125.0 31.0335952796 7200.0
390431.25 29.746080293 7050.0
631950.0 1.28119683968 7600.0
507993.75 29.6402425171 4300.0
128081.25 60.2959724306 3450.0
387337.5 49.4053764196 6150.0
479118.75 5.14877254793 2850.0
146643.75 4.29799123409 2100.0
251006.25 39.9240149349 4050.0
599362.5 1.58872687197 4300.0
63112.5 15.5365315221 1200.0
449006.25 1.26027905036 2850.0
673818.75 1.2219491954 4300.0
453543.75 1.33882852818 2850.0
381768.75 12.8319619718 5750.0
590081.25 20.0452560238 12500.0
656906.25 5.90028110903 7200.0
639787.5 2.33524560611 6300.0
554193.75 26.7604363026 6650.0
303393.75 22.3230409098 5850.0
826650.0 5.78792600476 4300.0
534806.25 1.36458005057 4300.0
609881.25 1.22120716775 4300.0
282975.0 24.2769139715 2850.0
274106.25 69.0789595671 10850.0
504900.0 21.1634543455 4300.0
817987.5 0.784542767692 4300.0
805200.0 1.09209453699 4300.0
182325.0 53.8357091586 3400.0
805200.0 9.63194216557 4300.0
557081.25 1.11948417259 4300.0
194493.75 16.813108952 3750.0
315768.75 18.2774207793 4850.0
826650.0 14.6367996226 4300.0
640200.0 8.52657284886 4300.0
335568.75 42.5846329921 6650.0
652368.75 1.26577550567 4300.0
228318.75 18.0048437543 3850.0
225431.25 13.1037694275 2850.0
505106.25 1.2361444393 4300.0
162318.75 3.0117319303 1850.0
217593.75 15.5529609916 1850.0
168712.5 2.65593016459 2750.0
301743.75 15.2946637694 4150.0
656700.0 4.2014598027 7200.0
633600.0 3.28627307614 7200.0
342787.5 7.17413684988 2850.0
665981.25 1.57919474532 4300.0
547800.0 1.09903273054 4300.0
802725.0 21.788952707 7200.0
445293.75 1.31050502087 6150.0
563887.5 1.34628630156 4300.0
131793.75 16.8237167979 2550.0
449831.25 2.17728273482 6300.0
740231.25 2.2497762283 10100.0
538725.0 12.0659118048 4300.0
516862.5 9.18687190268 11050.0
490462.5 1.58821383962 4300.0
423431.25 16.7867276883 2850.0
373312.5 2.56335040075 2850.0
148500.0 13.2270653535 750.0
458700.0 18.5700895761 5750.0
239043.75 11.6107379934 1850.0
205631.25 39.1166131714 2750.0
416625.0 4.61275640877 4300.0
191193.75 44.2523384447 2100.0
118800.0 38.657664145 1650.0
444262.5 1.36386834623 4300.0
218418.75 5.04924889339 1850.0
562237.5 1.38599892655 4300.0
87243.75 5.0150890701 1650.0
795093.75 9.16566857652 4300.0
66825.0 12.5351796587 1650.0
449831.25 1.83699351611 6850.0
675468.75 1.04481828531 7200.0
631537.5 1.21283439143 4300.0
328350.0 26.9857921211 2850.0
579768.75 6.8196733174 8650.0
601218.75 4.08064532959 4300.0
344437.5 2.01093380316 4150.0
444675.0 19.7441595262 5750.0
239250.0 26.9494141325 1850.0
410643.75 4.65749594069 2850.0
661856.25 1.11647056731 4300.0
311025.0 15.6358734873 2850.0
614625.0 34.9478172379 9550.0
294937.5 6.6462701069 1850.0
424256.25 1.58382586957 2850.0
328350.0 2.61690568092 4850.0
63112.5 17.4698869198 1200.0
740231.25 0.814382491026 7200.0
580593.75 7.33522757833 4300.0
775293.75 17.7005035938 7200.0
515831.25 1.83912171367 6300.0
201506.25 10.4523389476 1850.0
503662.5 1.51888495995 4300.0
268743.75 23.847822351 1850.0
217181.25 31.7836831609 2100.0
605756.25 20.7006792444 7200.0
122512.5 42.5846826069 1650.0
148500.0 15.1651611002 2100.0
94668.75 40.0839823071 2100.0
635662.5 12.58517544 4300.0
556050.0 1.15657449206 6300.0
206456.25 29.7721254383 2750.0
618750.0 21.0913180575 4300.0
585956.25 5.80433339602 4300.0
813862.5 0.874897303927 4300.0
226050.0 2.98630037599 2850.0
281325.0 2.83587476581 1850.0
617718.75 1.69679929 8300.0
355162.5 1.88124910043 2850.0
645562.5 17.8022912987 6300.0
426112.5 7.29101654522 2850.0
634425.0 3.25847469383 4300.0
619987.5 1.92080579912 4300.0
183768.75 3.52622729114 1200.0
434362.5 1.33131346339 2850.0
721462.5 1.10725116501 7200.0
433125.0 6.54869828932 2850.0
124368.75 29.7776681979 2550.0
807881.25 3.17287448175 4300.0
581006.25 10.6575408695 4300.0
587812.5 2.35906034025 5200.0
801900.0 0.938585281071 4300.0
402393.75 3.79188371293 2850.0
291431.25 19.0171727936 2850.0
410643.75 1.88685328798 2850.0
721462.5 2.62219390313 7200.0
641643.75 1.07054230346 6300.0
346912.5 3.92885262056 2850.0
267300.0 6.93063875993 2850.0
420337.5 29.8736707878 2850.0
216768.75 30.6416698 2750.0
359700.0 13.1487080578 2850.0
148500.0 20.2174282934 750.0
118800.0 30.3946563333 2550.0
807881.25 0.961045253344 4300.0
629887.5 1.14622662115 4300.0
318037.5 38.7675724364 5850.0
536662.5 30.4189431744 7750.0
676293.75 10.3400240884 7200.0
601218.75 2.02009524863 4300.0
