630506.25 2.34266561995 5200.0
103743.75 7.68147642674 6550.0
621018.75 1.24295148446 6750.0
590081.25 2.56807929233 5200.0
694443.75 2.90882669988 5200.0
595237.5 0.963497178901 6750.0
105806.25 4.87927263135 3900.0
330000.0 0.967678568175 4050.0
74250.0 5.63551095015 3900.0
505725.0 9.95443691039 5200.0
261937.5 1.80009896772 6250.0
434568.75 1.57126236014 6750.0
363825.0 1.36759577569 6750.0
440137.5 1.71784568443 6750.0
343612.5 1.31233253382 1850.0
224606.25 3.18840964696 7150.0
656906.25 1.36711150446 4300.0
682687.5 1.74502146198 4300.0
142931.25 3.63615551064 1650.0
536662.5 1.77195238155 4300.0
602868.75 1.54394731963 6500.0
404250.0 1.44400688211 6750.0
98381.25 2.51955140966 5700.0
731156.25 0.776604424001 4300.0
188306.25 3.52630295303 6050.0
413531.25 2.12390755266 7650.0
641231.25 1.23658209301 6750.0
258225.0 2.49833391558 6050.0
438075.0 0.744817093524 9200.0
209962.5 2.90802096222 6950.0
497887.5 3.71540273669 7650.0
586162.5 1.38473000693 6750.0
534600.0 1.04634203125 6750.0
701043.75 2.1782985851 5200.0
449212.5 1.22126104383 6750.0
474993.75 1.37211127043 6750.0
206456.25 3.12074110083 6050.0
631125.0 1.65079633754 4300.0
199237.5 2.54170420598 6050.0
236362.5 3.94570511487 4950.0
622050.0 1.76653361081 4300.0
580593.75 0.795781242756 9200.0
630300.0 1.98878126235 5200.0
696300.0 1.01176103416 4300.0
165618.75 3.61563214021 6050.0
305456.25 2.11194107845 4950.0
289987.5 2.83291034575 4950.0
240075.0 1.28031076492 10550.0
256368.75 3.12371956792 4950.0
66825.0 8.88788659555 3000.0
732187.5 1.26312986564 4300.0
345881.25 2.05094565171 7400.0
197381.25 3.18229314404 6050.0
249150.0 2.65580304319 6050.0
256368.75 3.52319624748 7150.0
111375.0 9.89985692001 3900.0
551306.25 2.88165156808 7650.0
183768.75 3.41134095743 6050.0
776118.75 0.53691629191 4300.0
271837.5 2.53885313339 2750.0
474993.75 3.45662672352 7650.0
665981.25 1.02470069292 6750.0
279056.25 3.82027819084 4950.0
696300.0 1.08983834218 4300.0
710943.75 0.720087366401 9200.0
716512.5 1.06953985884 4300.0
266475.0 1.54534289881 4050.0
700837.5 0.806630703305 4300.0
443643.75 1.09934865766 6750.0
137156.25 4.66466124117 6100.0
665156.25 2.11193021565 5200.0
268125.0 2.39465027324 6950.0
181912.5 4.80138791836 6050.0
696300.0 1.03546937485 4300.0
197381.25 3.48466801828 6050.0
454781.25 1.44555888513 6750.0
640200.0 0.90989844619 4300.0
621018.75 1.31671759788 6750.0
404250.0 1.58842175098 6750.0
330000.0 1.42009060747 1850.0
485100.0 1.51073492081 6750.0
347531.25 2.32559122137 9850.0
449212.5 1.34011369731 6750.0
221100.0 1.52909762933 2950.0
192843.75 3.42335008994 6050.0
710943.75 0.868444313085 4300.0
489637.5 1.31884671788 6750.0
439106.25 1.30691608074 4300.0
682687.5 1.6429196955 4300.0
113231.25 9.96559995085 3450.0
696300.0 1.25469559112 4300.0
321750.0 2.39433392576 2750.0
192843.75 3.77262499002 6050.0
439106.25 1.30691608074 4300.0
625556.25 0.94082516819 6750.0
185418.75 2.29613382267 6950.0
479531.25 1.34990153538 6750.0
218831.25 6.53425693478 5850.0
468393.75 0.915611171522 6750.0
710943.75 0.916727445453 4300.0
136950.0 7.80187552763 8300.0
102093.75 21.9887793725 1650.0
254512.5 3.83849943607 3850.0
300918.75 2.0223096741 4950.0
641231.25 1.31475009328 4300.0
540168.75 1.20385888552 6750.0
269981.25 1.87692246463 6050.0
434568.75 1.58377718391 6750.0
120656.25 6.28543592081 3450.0
194700.0 2.37594374818 6050.0
691762.5 1.27132360921 4300.0
454781.25 1.58457511501 6750.0
444675.0 1.40010300902 6750.0
640200.0 0.773503868408 6750.0
516450.0 7.27647497263 10100.0
85387.5 8.88342449759 3900.0
696300.0 0.932800602565 4300.0
276375.0 2.85819621134 4950.0
174693.75 3.01168887897 4950.0
169950.0 5.35622092222 6500.0
425700.0 2.07920022974 9850.0
175106.25 1.66438288523 6550.0
650306.25 0.936087438702 9200.0
589875.0 1.96520220626 5200.0
508818.75 0.891756053444 6750.0
731156.25 0.831704485546 4300.0
85387.5 3.67800313585 5250.0
515418.75 1.76656768474 9200.0
590700.0 1.21234389716 6750.0
565950.0 1.71281190902 6750.0
741262.5 0.77607104618 4300.0
460350.0 1.26779060126 11400.0
485100.0 1.55939683814 6750.0
427350.0 2.3053476041 7650.0
394143.75 1.44637981865 6750.0
515418.75 1.57313714646 9200.0
470456.25 1.20712178023 12750.0
221512.5 2.00192133671 8950.0
696300.0 1.09585051279 4300.0
220068.75 2.70917522845 6500.0
158812.5 4.66354685245 6550.0
260081.25 1.29077407953 4950.0
113231.25 4.1905192243 3900.0
174487.5 4.95007575959 4950.0
665981.25 1.08295892888 6750.0
96318.75 3.18365814852 7450.0
430031.25 2.57753825238 5200.0
550275.0 1.3553868843 6750.0
776118.75 0.536155240738 4300.0
696300.0 1.03520094147 4300.0
656906.25 1.34787658348 6500.0
201918.75 3.59956120167 6050.0
451275.0 0.952717895138 6500.0
438075.0 0.810749223707 6750.0
635662.5 1.01680744352 9200.0
190987.5 4.8682750167 7150.0
460350.0 1.88888864145 4300.0
209137.5 5.54679022618 6050.0
281737.5 4.24492536156 7150.0
313500.0 3.89647857254 2750.0
253687.5 2.4697752202 6050.0
513562.5 2.16634031593 7650.0
181087.5 2.09767691353 4950.0
544706.25 0.877771671291 6750.0
687225.0 1.40373721939 4300.0
216562.5 1.2261387926 5150.0
444675.0 1.33198564449 6750.0
632156.25 1.77308260262 4300.0
595237.5 1.03135017676 6750.0
330000.0 1.69742946624 1850.0
306281.25 3.24751782843 2750.0
630093.75 0.608818311068 9200.0
696300.0 1.11827546845 4300.0
343612.5 1.52809762933 1850.0
616481.25 1.48322071997 9200.0
87243.75 14.8161173539 3900.0
509850.0 1.21823902074 6750.0
621018.75 1.29748897903 6750.0
463856.25 1.01661410546 6750.0
565125.0 4.66150888964 5200.0
141693.75 5.42479361502 7850.0
334537.5 1.8310556865 1850.0
625556.25 1.09452193346 6750.0
424462.5 1.56592212289 6750.0
270187.5 9.33805520108 9200.0
600806.25 1.23236213641 4300.0
183768.75 3.44753162732 6050.0
591731.25 4.40547551904 7650.0
668043.75 3.37796019334 5200.0
273693.75 2.25046523273 6050.0
525731.25 5.26989308384 7650.0
369187.5 9.39626816346 9850.0
669900.0 2.48996973029 5200.0
635662.5 0.976055537649 6750.0
489637.5 1.34747273129 6750.0
716512.5 1.03768243822 4300.0
151800.0 5.18205515908 4750.0
444675.0 1.52423954234 6750.0
696300.0 0.945719695233 4300.0
564918.75 1.01729255609 6750.0
150768.75 2.61320751049 5450.0
700837.5 0.874138566434 4300.0
219862.5 7.80261856248 9150.0
618337.5 2.7722946534 10100.0
655875.0 1.11568652265 4300.0
334331.25 2.248308889 9850.0
260081.25 2.0345012036 7150.0
514387.5 1.14029941862 9200.0
275550.0 1.38070086668 6250.0
141075.0 4.29594347993 1650.0
489637.5 1.21510494833 9200.0
589875.0 1.97251874112 7650.0
105806.25 2.98630465351 5250.0
761475.0 0.603732868827 4300.0
294525.0 2.46050997293 4950.0
635662.5 1.86042167006 6750.0
661443.75 1.21774930138 4300.0
549450.0 2.02120838596 7650.0
671550.0 1.46297371249 4300.0
657937.5 3.31269383872 5200.0
472312.5 2.52059776609 7650.0
406106.25 2.29400963047 7650.0
645768.75 1.11745980338 9200.0
494175.0 1.09922405536 6750.0
365681.25 3.07842099351 6100.0
111375.0 4.53504684557 4800.0
697331.25 1.53489207557 4300.0
504487.5 1.91734888576 7650.0
555843.75 1.49218792349 6750.0
530062.5 1.186113186 6750.0
630093.75 0.840701187298 14100.0
182737.5 4.41738787282 5850.0
642262.5 1.62535823412 6750.0
310818.75 3.65002188831 4950.0
220068.75 2.90814161707 6050.0
140868.75 4.12950230689 6100.0
465093.75 5.02418319866 10100.0
511706.25 2.43954326163 7650.0
115087.5 4.08171430999 4350.0
560587.5 2.17887622715 5200.0
444675.0 1.53262869558 6750.0
595237.5 1.08903826925 6750.0
180056.25 2.46339994281 4750.0
710943.75 0.89217156995 4300.0
285450.0 2.50463145581 4950.0
687225.0 1.43931331568 4300.0
751368.75 0.654258517726 4300.0
554812.5 1.1424342345 6750.0
249150.0 2.49814294914 6050.0
680625.0 0.931062144953 9200.0
706406.25 1.01338512209 4300.0
690731.25 0.589858435437 4300.0
705375.0 0.5192615755 4300.0
731156.25 0.817183970333 4300.0
678150.0 1.79348411613 4300.0
701043.75 4.13257213932 5200.0
721050.0 0.862096056157 4300.0
161081.25 3.99841392898 3850.0
365062.5 2.11194107845 7650.0
534600.0 1.01213651906 9200.0
530062.5 1.23621782915 6750.0
443643.75 1.09601537345 6750.0
656906.25 1.37940586713 6750.0
716512.5 1.15257823857 4300.0
176550.0 2.76456310997 6050.0
442200.0 1.64499051916 6750.0
615450.0 1.02133676078 4300.0
345675.0 2.83497853052 9850.0
439106.25 1.28110750807 6750.0
520162.5 2.06905833921 10100.0
124368.75 5.17571664451 3900.0
242756.25 2.83589255578 5850.0
599362.5 5.4434539415 5200.0
761475.0 0.662065613816 4300.0
258225.0 2.78702427768 4950.0
670518.75 0.857172118726 6750.0
706406.25 0.945390536932 4300.0
197381.25 3.25062699963 6050.0
444675.0 1.51673180173 6750.0
524700.0 4.34089662473 10100.0
665981.25 0.540199445426 11400.0
641231.25 1.28041797462 4300.0
77962.5 6.67882648511 4800.0
474993.75 1.39828257775 6750.0
515418.75 1.59650945838 6750.0
479531.25 1.28532947332 6750.0
374137.5 4.78942583716 7650.0
691762.5 1.28119683968 4300.0
445500.0 2.78590726377 7650.0
118387.5 6.53001770689 7000.0
315975.0 1.13114845677 10950.0
491493.75 2.47898708684 12550.0
151800.0 4.29799123409 4750.0
219037.5 2.24923692263 4750.0
656906.25 1.58872687197 4300.0
63112.5 14.4433402755 2100.0
435600.0 1.26027905036 6750.0
706406.25 1.2219491954 4300.0
489637.5 1.33882852818 6750.0
320925.0 1.09609760836 4050.0
539137.5 0.935841344515 6750.0
661443.75 1.25850279053 6750.0
605343.75 1.16435664267 6750.0
597300.0 2.86465664483 5200.0
260081.25 2.08643256776 7150.0
741262.5 0.701419251325 4300.0
505312.5 1.36458005057 9200.0
641231.25 1.22120716775 4300.0
274518.75 3.22612032757 6050.0
202331.25 16.7655275464 14750.0
471693.75 2.05095660765 8750.0
731156.25 0.784542767692 4300.0
736725.0 1.09209453699 4300.0
160875.0 5.00581710724 4300.0
726618.75 0.997473973363 4300.0
595237.5 1.11948417259 6750.0
170981.25 3.03919650862 6950.0
289987.5 2.41261420649 7150.0
640200.0 0.691891639656 9200.0
656906.25 1.51708914539 4300.0
292668.75 7.11323137961 7150.0
609881.25 0.907776297141 4300.0
213675.0 4.30091775438 4950.0
204600.0 2.44541312751 8050.0
469425.0 1.2361444393 6750.0
165618.75 3.0117319303 6050.0
178406.25 2.09962892815 6050.0
170156.25 2.65593016459 6500.0
295350.0 4.5372425233 7150.0
713831.25 2.48294625597 5200.0
534600.0 1.06140422945 6750.0
326287.5 2.26639607046 2750.0
667012.5 1.57919474532 4300.0
534600.0 1.09903273054 9200.0
680625.0 0.666051011898 6750.0
439106.25 1.31050502087 6750.0
600806.25 1.34628630156 9200.0
120656.25 5.35713795736 4350.0
513150.0 2.17728273482 10100.0
660412.5 0.840701187298 4300.0
542025.0 2.4463078527 7650.0
427968.75 0.925974769351 6750.0
505312.5 1.58821383962 6750.0
408787.5 1.31157120067 6750.0
332681.25 2.09243956427 2750.0
141693.75 4.29694347993 7850.0
385068.75 1.84213985723 6750.0
213675.0 4.47841898962 6050.0
189131.25 5.53630254992 6050.0
494793.75 8.41848616421 7650.0
153450.0 2.98749256015 5200.0
92812.5 3.3778786987 6600.0
499743.75 1.36386834623 4300.0
197381.25 5.04924889339 6050.0
636693.75 1.38599892655 4300.0
94668.75 4.8693802181 5700.0
686193.75 1.02595108901 6750.0
64968.75 8.64090522312 3000.0
397650.0 0.880815875979 4300.0
696300.0 1.04481828531 4300.0
667012.5 1.21283439143 4300.0
306281.25 2.47068540922 4950.0
496237.5 1.03851924464 8950.0
642262.5 1.7154967868 6750.0
332681.25 2.01093380316 2750.0
352687.5 1.17649611349 1850.0
208931.25 1.23777844956 9150.0
419925.0 1.78498689181 6750.0
706406.25 1.11647056731 4300.0
261937.5 1.38272583273 6250.0
611943.75 6.03080270843 7650.0
294525.0 2.65550460857 4950.0
444675.0 1.58382586957 6750.0
324018.75 1.47106351114 8950.0
61256.25 12.1666170731 1200.0
731156.25 0.814382491026 4300.0
560381.25 1.36361458238 9200.0
716512.5 1.00014504653 4300.0
526556.25 1.83912171367 13850.0
188306.25 3.48848469482 6050.0
515418.75 1.51888495995 6750.0
241931.25 1.89713015918 8250.0
175518.75 1.87673889205 6950.0
580593.75 1.75749641012 6750.0
100237.5 8.46032124813 5700.0
153656.25 9.66454208833 4750.0
81675.0 8.79697831271 4800.0
595237.5 1.15575528298 6750.0
564918.75 1.15657449206 6750.0
197175.0 8.19714842451 4950.0
560381.25 1.20733152445 6750.0
570487.5 1.26126296478 6750.0
731156.25 0.874897303927 4300.0
216356.25 2.98630037599 5850.0
289987.5 2.83587476581 4950.0
707437.5 1.69679929 4300.0
330000.0 1.88124910043 1850.0
524493.75 0.983550787345 6750.0
424462.5 1.36188243001 6750.0
667012.5 1.47825305269 4300.0
685368.75 1.92080579912 5200.0
188306.25 3.52622729114 6050.0
479531.25 1.33131346339 6750.0
645768.75 1.10725116501 6750.0
430031.25 1.43707437239 8950.0
109518.75 3.84600923964 6150.0
700837.5 0.923535179128 4300.0
509850.0 1.20109937725 6750.0
617306.25 2.35906034025 10100.0
700837.5 0.938585281071 4300.0
399712.5 1.90743978799 4300.0
277200.0 2.72185768799 4950.0
420956.25 1.88685328798 6750.0
665981.25 0.993941067221 4300.0
696300.0 1.07054230346 4300.0
332681.25 2.0105934661 2750.0
241931.25 2.00195696331 6050.0
366093.75 2.23203036995 9850.0
198206.25 7.00676762388 6050.0
339075.0 1.78682259628 1850.0
124368.75 3.52414904273 3000.0
100237.5 3.28515838019 6150.0
726618.75 0.961045253344 4300.0
661443.75 1.14622662115 4300.0
257193.75 3.36076990964 8050.0
486131.25 1.61748398878 9200.0
635662.5 0.966328406859 4300.0
656081.25 2.02009524863 5200.0
