273281.25 5.66698012396 16100.0
546150.0 4.22034958608 22450.0
226050.0 13.9909503336 13700.0
229350.0 19.6801560413 13500.0
779418.75 1.26312986564 5200.0
718162.5 1.05027661572 18800.0
213056.25 18.9821673484 11850.0
297000.0 10.8843800276 21950.0
152006.25 30.9536296779 11450.0
707025.0 6.87096981128 25150.0
483450.0 3.71369813833 34850.0
718987.5 0.806630703305 50700.0
358462.5 16.6462080519 15350.0
387337.5 17.7154817984 21850.0
419718.75 14.8267401311 23450.0
697950.0 6.83208835036 25700.0
539137.5 1.40298126226 10850.0
212231.25 11.4099845614 17300.0
497887.5 4.49705209061 28850.0
250181.25 45.5281853072 17150.0
539137.5 7.59553880702 20650.0
215531.25 26.0347937798 14500.0
517275.0 17.3730100467 23550.0
718162.5 4.91388960276 17900.0
220687.5 7.74365131598 10100.0
408787.5 14.674026426 23050.0
808706.25 1.25469559112 10100.0
332887.5 28.3921101531 24400.0
124368.75 31.0343270403 15600.0
338868.75 12.3386744401 23650.0
801900.0 1.01176103416 4300.0
743943.75 3.76151052604 20250.0
588018.75 10.6485666023 23550.0
135506.25 20.754361712 12450.0
510262.5 5.03363217376 17850.0
773850.0 1.74502146198 4300.0
292462.5 7.74956370325 19050.0
580593.75 6.07825798572 36950.0
746212.5 3.19568791501 18800.0
275962.5 16.8345781722 13600.0
346706.25 13.2627231625 22050.0
115912.5 67.7978776656 11500.0
156750.0 29.6078892545 14200.0
802725.0 0.916727445453 13000.0
500775.0 5.64056082121 18650.0
698362.5 5.66097410389 17000.0
489637.5 3.48693805072 22850.0
778800.0 0.932800602565 15900.0
617306.25 26.2768084105 15550.0
619162.5 6.54624782366 24250.0
659175.0 3.12382659827 52150.0
644118.75 11.0121326753 26800.0
110343.75 30.5432281833 13300.0
636693.75 14.4342731602 29150.0
830775.0 0.831704485546 4300.0
682893.75 11.3736630039 12050.0
784781.25 4.54287420365 10100.0
246675.0 27.6400778729 17750.0
452512.5 7.35634543049 25250.0
420956.25 4.03277911065 22150.0
395587.5 6.17998335896 20250.0
191812.5 26.1331691949 10550.0
274518.75 3.30419353113 12550.0
565537.5 19.261689999 15800.0
296175.0 6.54841189043 19100.0
98381.25 26.0311314488 7950.0
81675.0 14.8373169152 7950.0
371662.5 8.35430646704 26150.0
118800.0 10.0196199699 10650.0
658350.0 1.0263171241 37650.0
682893.75 13.5999351246 12950.0
796743.75 2.90882669988 15900.0
735075.0 4.16359734101 23150.0
132618.75 38.8094695703 13300.0
664125.0 17.7992913675 19650.0
250800.0 7.75475186123 10800.0
469012.5 1.71784568443 37850.0
176137.5 18.4892642552 11500.0
671137.5 2.03559198532 48350.0
620606.25 8.09120391932 27350.0
537900.0 8.07235896059 22550.0
230587.5 10.5294048732 11300.0
297618.75 13.0050602232 24000.0
590081.25 7.17451349803 22500.0
660206.25 2.01629681885 31850.0
445293.75 3.71716180362 25150.0
205012.5 3.55413063019 16000.0
572756.25 6.51657601842 24450.0
785400.0 0.776604424001 5200.0
125193.75 27.1182549508 11950.0
779831.25 1.6324135275 10100.0
460762.5 15.5265732544 31850.0
707025.0 5.59431579997 24600.0
764156.25 1.43507228059 30400.0
267506.25 13.2445185502 15650.0
692381.25 13.8529859242 23350.0
255750.0 13.2398135965 16000.0
233887.5 12.8873420844 13900.0
695681.25 6.19223135152 17450.0
234506.25 8.82694592511 8300.0
478706.25 6.97824161967 24650.0
552956.25 1.37766428689 19550.0
780656.25 6.2298881557 15000.0
610500.0 1.04634203125 24600.0
296381.25 19.8135366424 16300.0
309993.75 7.8860948545 18450.0
178200.0 4.16071720424 12450.0
275962.5 3.53639362137 18750.0
409200.0 22.9099444205 30150.0
77962.5 28.4134074423 5250.0
818812.5 2.86153853036 10100.0
800043.75 0.720087366401 7200.0
314531.25 20.5047256574 12600.0
742912.5 4.49562454554 19350.0
705168.75 1.20084938977 62300.0
530681.25 8.55335142676 15550.0
307106.25 35.2651193432 14100.0
836756.25 0.53691629191 4300.0
569043.75 1.51073492081 23350.0
205837.5 12.1345539201 16000.0
579562.5 10.6569684001 23250.0
444262.5 6.37792183682 20850.0
559143.75 23.6717015435 12900.0
591525.0 1.21823902074 20250.0
720843.75 10.1328802957 14450.0
303600.0 8.14133972217 18350.0
727650.0 10.6671805486 8650.0
685162.5 10.176130324 12950.0
673612.5 2.10068648074 44350.0
94668.75 34.1543281383 9750.0
652368.75 15.1079485684 15250.0
208518.75 14.8202587308 15100.0
775293.75 1.25752522669 13000.0
167062.5 12.1755719772 9750.0
694237.5 0.976055537649 50700.0
421987.5 49.0748683428 21300.0
313706.25 18.3061424293 20750.0
689081.25 1.24360687607 43450.0
806850.0 1.85149656705 11550.0
614212.5 4.07718081002 40750.0
650925.0 5.10388333816 28950.0
560381.25 9.47984926044 30250.0
616893.75 7.26040676744 32050.0
671137.5 1.08544365096 52150.0
502012.5 7.3654767697 23850.0
174281.25 20.2051404438 7900.0
736931.25 0.608818311068 42000.0
377437.5 15.691652204 21400.0
562856.25 13.1455094618 24450.0
368981.25 6.80622350195 16350.0
747037.5 3.03118274002 28950.0
711150.0 12.6694434106 26050.0
806025.0 0.536155240738 10100.0
700837.5 4.3123414236 13200.0
130143.75 32.1702989266 12150.0
522431.25 3.85938927878 27200.0
218006.25 4.6575829412 11500.0
341962.5 13.3797590136 16250.0
830775.0 0.603732868827 4300.0
122512.5 12.0276002911 13800.0
739406.25 2.0594622588 15350.0
408787.5 45.8252338803 14450.0
720843.75 6.03008659221 22250.0
729712.5 12.3798214227 11950.0
618750.0 6.90469505719 29150.0
507993.75 18.3644340447 17950.0
240693.75 9.90829624344 10650.0
219862.5 14.9838305274 13600.0
601218.75 1.186113186 30950.0
532537.5 7.23147484704 23450.0
703518.75 1.59416327033 28400.0
469012.5 1.53262869558 35850.0
629887.5 10.6639585033 20550.0
734250.0 3.46803649284 30400.0
520781.25 23.479080957 25050.0
706200.0 1.13699880934 39100.0
302775.0 15.0539292515 17350.0
145612.5 32.6953273859 11050.0
589875.0 15.6907549103 25350.0
238837.5 12.3398004453 12200.0
678975.0 1.67328864879 57050.0
696506.25 9.61312046067 23900.0
483450.0 8.97250559151 25350.0
454162.5 10.1294886194 15750.0
619781.25 1.67855239099 41450.0
166856.25 29.7143871913 16850.0
372075.0 16.9375634786 21000.0
579768.75 7.45774253547 37850.0
613800.0 32.8538998009 34600.0
824793.75 0.77607104618 7200.0
195731.25 33.6768916611 11950.0
116943.75 7.2948559635 15600.0
175312.5 12.0537520736 11950.0
331856.25 58.083788896 30800.0
614831.25 3.80542028592 36750.0
716718.75 10.9576212741 30050.0
605137.5 17.6563601201 15250.0
713006.25 1.03520094147 47800.0
610912.5 3.6220962292 39850.0
543881.25 49.0834464121 14300.0
335568.75 17.1161803753 25300.0
306693.75 14.8191728904 19650.0
222337.5 7.24856271713 12250.0
520368.75 4.26175178036 14750.0
749512.5 2.34293399447 15350.0
610087.5 9.37336949478 23300.0
129731.25 21.551477218 14650.0
596681.25 5.53366675125 36950.0
227081.25 21.0566942986 12750.0
460762.5 5.57079842049 38850.0
774675.0 3.44576526741 17900.0
246262.5 28.0830751538 17600.0
607818.75 7.88227131445 36950.0
217593.75 27.4868757868 17050.0
200475.0 32.3975681169 15050.0
387131.25 23.1327274102 17700.0
726825.0 10.3214754108 17000.0
568218.75 4.44672735291 23250.0
284006.25 6.11020895899 18750.0
724143.75 1.99613567206 28950.0
348975.0 17.0401206573 17700.0
660206.25 6.43661247609 27150.0
266887.5 21.4631364608 15450.0
174075.0 35.3216930943 16550.0
546150.0 6.25896394359 28100.0
103950.0 37.4195772348 10650.0
408375.0 4.72026515143 25750.0
638756.25 6.71651600804 21750.0
397237.5 106.206507399 26300.0
544293.75 7.08804688549 32350.0
750337.5 8.13717030059 7750.0
456637.5 3.38518917208 39850.0
473137.5 5.00113228209 31850.0
799218.75 1.03768243822 4300.0
675262.5 1.09452193346 53600.0
382387.5 1.97344313385 11850.0
376406.25 20.2664685693 18900.0
481387.5 4.05121872924 36850.0
782925.0 2.88123014701 18800.0
133443.75 29.9176602485 14150.0
505312.5 11.0245948874 27550.0
741056.25 8.00404858231 21700.0
749512.5 8.27929241864 12100.0
791793.75 3.42350108554 7200.0
394968.75 16.1028359345 22600.0
521812.5 9.78486856016 27650.0
678150.0 1.66489593866 44900.0
534393.75 10.7515666717 24450.0
693206.25 1.4467901931 56500.0
386100.0 9.64798435848 26550.0
806850.0 2.51654818834 13000.0
716718.75 7.29331949839 14100.0
627000.0 9.39631963962 39650.0
638962.5 14.0241266788 49450.0
535631.25 24.9732959985 22450.0
800868.75 1.52026310042 18800.0
807881.25 0.662065613816 4300.0
301743.75 10.7920597724 17950.0
659793.75 13.8009385759 15750.0
274518.75 20.2520824456 13700.0
784575.0 1.09209453699 5200.0
420131.25 16.7896192363 20050.0
812831.25 2.90818928597 10100.0
807881.25 0.784542767692 4300.0
820668.75 0.817183970333 4300.0
227906.25 9.62702043162 12150.0
528000.0 14.633234764 23850.0
292256.25 79.4260039106 32100.0
301950.0 16.6242502035 17400.0
758175.0 0.889478909837 13000.0
219450.0 24.0889582726 13250.0
776943.75 2.69460192131 15900.0
234712.5 7.90158773256 14200.0
726825.0 4.83472865696 12650.0
791793.75 1.51708914539 7200.0
737962.5 4.03053950166 14450.0
339487.5 20.6935463823 18250.0
205218.75 28.5692861715 11700.0
208312.5 16.18751137 11800.0
824793.75 1.20867131383 7200.0
744768.75 8.8190883401 19900.0
232031.25 19.8142038508 17150.0
205218.75 26.3473421521 12600.0
620606.25 1.53263700253 31850.0
540168.75 1.2361444393 14650.0
235950.0 10.8326283444 13100.0
796743.75 0.6884399955 18800.0
759000.0 2.56127829896 30400.0
327318.75 21.7536628846 23450.0
466331.25 2.22155658587 34850.0
316593.75 14.2415736842 25400.0
758175.0 1.60492424674 21700.0
200268.75 8.72853366444 11500.0
741056.25 13.2620929376 30400.0
806025.0 1.01338512209 4300.0
281325.0 7.0674273064 18750.0
194700.0 16.6895966739 15550.0
794475.0 11.5237526564 7200.0
701250.0 5.70025115188 9650.0
824793.75 1.15257823857 4300.0
701043.75 3.56321409161 42550.0
515831.25 8.66818567109 21550.0
708675.0 18.5522766142 13050.0
599362.5 1.58534438736 26600.0
335362.5 18.6188626125 19550.0
639993.75 1.18984740083 44350.0
598537.5 10.6581215384 31150.0
186037.5 35.5445527915 13700.0
481593.75 10.3019508186 28150.0
602868.75 12.6965402609 22300.0
407137.5 26.3353198472 23350.0
670312.5 1.64306424485 44000.0
542850.0 2.35144553118 14650.0
707025.0 2.04283393718 24600.0
662062.5 4.05618263672 44000.0
506550.0 6.32837538372 26450.0
185625.0 2.83085671013 11100.0
303806.25 15.0581728749 16050.0
678150.0 14.9637996065 10350.0
137362.5 9.79327187318 11550.0
655875.0 13.3535615147 19950.0
230793.75 11.639988756 8800.0
713006.25 2.56131876569 33300.0
587193.75 12.7687785571 20950.0
585131.25 6.00824112559 26250.0
126225.0 30.5893126602 10650.0
163350.0 7.18467917435 16050.0
555018.75 1.45390495521 18450.0
68681.25 28.4081867625 3000.0
244406.25 18.1354298558 13800.0
92812.5 27.2505517408 12000.0
672168.75 1.65310953823 49250.0
165206.25 13.4469061417 10200.0
115087.5 22.6064673486 13350.0
771993.75 3.73864831283 13000.0
259256.25 23.9029003394 18850.0
632775.0 6.22723057112 23150.0
292875.0 16.2159476267 23350.0
191812.5 13.0529128891 11000.0
213262.5 12.6408746093 13300.0
581418.75 2.49948236733 19350.0
577912.5 8.83604644768 18450.0
637725.0 1.47820648527 35650.0
225018.75 27.7685215239 12650.0
651337.5 2.24102272647 39100.0
398887.5 6.86347899202 17850.0
341962.5 14.7805322493 18200.0
820668.75 0.874897303927 4300.0
129731.25 29.2868719529 17350.0
732806.25 3.04880398243 17900.0
493143.75 10.2030082929 33750.0
208518.75 12.8240230068 16400.0
521400.0 2.66463722883 19550.0
766012.5 1.92080579912 15900.0
662062.5 4.03431002751 34750.0
718575.0 6.08696597951 23350.0
333918.75 15.5050943469 16900.0
460762.5 4.7693395968 30850.0
430650.0 2.09331719038 21450.0
736931.25 1.46931346632 37650.0
473137.5 5.82616474377 37850.0
321956.25 24.7197352011 18900.0
802725.0 0.938585281071 7200.0
444262.5 2.8499627063 35850.0
603075.0 4.49425809235 36400.0
731981.25 13.9899140857 17900.0
800868.75 1.90429396573 17350.0
275962.5 2.75847699172 17450.0
382593.75 8.58856003174 17750.0
222543.75 15.5798178201 10550.0
411468.75 13.3622570001 24100.0
694856.25 6.43441621425 41450.0
556668.75 11.5016563079 22550.0
701043.75 2.69010964634 23700.0
712181.25 2.58754947235 35300.0
309993.75 22.535243822 17650.0
820668.75 0.961045253344 4300.0
109518.75 7.37847834815 17850.0
569250.0 24.1134812683 12250.0
161700.0 32.6900498064 13950.0
141900.0 23.9755152879 15550.0
661031.25 1.78546103874 35300.0
394762.5 13.4834253774 24350.0
527381.25 4.18761867334 12650.0
627000.0 8.77988780857 35850.0
699600.0 2.27509416473 10350.0
396412.5 10.7427407558 27050.0
772818.75 1.57919474532 18800.0
627412.5 1.66568573871 34750.0
588843.75 7.91960666659 35950.0
800043.75 1.52861311972 10100.0
569043.75 2.15515665051 23350.0
514593.75 7.91307523802 23000.0
114056.25 23.458265741 13750.0
514800.0 25.127088126 23450.0
168712.5 19.3853357869 12800.0
239043.75 4.87284137867 7300.0
199443.75 8.24898135875 12850.0
489431.25 11.3525935368 28350.0
156750.0 25.3791113354 11950.0
760856.25 1.86974526419 30400.0
423843.75 6.45354512018 25750.0
743943.75 5.10485358884 23150.0
730950.0 1.04481828531 47800.0
251418.75 10.0070779241 12100.0
462618.75 4.54569344577 33750.0
76106.25 29.130186154 4350.0
760856.25 1.1187242967 33300.0
719606.25 3.14160637179 13900.0
114056.25 24.6263975171 10150.0
533362.5 5.53575069247 34250.0
234300.0 13.6285952641 13150.0
379706.25 2.58181323495 13150.0
604518.75 14.33848168 41650.0
786637.5 1.21283439143 13000.0
325050.0 10.9411614953 18750.0
449831.25 1.96045639001 28850.0
429825.0 1.7007039091 27650.0
654637.5 5.28939422595 34950.0
737756.25 9.13532700982 7650.0
68681.25 27.2429476996 3000.0
746212.5 1.33109355116 24600.0
381768.75 21.2329741711 25450.0
489637.5 1.86619941232 31850.0
605343.75 3.31860698303 25150.0
326906.25 10.1477463518 25750.0
690731.25 14.3080203275 14650.0
651337.5 1.85031079823 34750.0
